#
# There is insufficient memory for the Java Runtime Environment to continue.
# Native memory allocation (malloc) failed to allocate 1469616 bytes for Chunk::new
# Possible reasons:
#   The system is out of physical RAM or swap space
#   The process is running with CompressedOops enabled, and the Java Heap may be blocking the growth of the native heap
# Possible solutions:
#   Reduce memory load on the system
#   Increase physical memory or swap space
#   Check if swap backing store is full
#   Decrease Java heap size (-Xmx/-Xms)
#   Decrease number of Java threads
#   Decrease Java thread stack sizes (-Xss)
#   Set larger code cache with -XX:ReservedCodeCacheSize=
#   JVM is running with Unscaled Compressed Oops mode in which the Java heap is
#     placed in the first 4GB address space. The Java Heap base address is the
#     maximum limit for the native heap growth. Please use -XX:HeapBaseMinAddress
#     to set the Java Heap base and to place the Java Heap above 4GB virtual address.
# This output file may be truncated or incomplete.
#
#  Out of Memory Error (arena.cpp:189), pid=11660, tid=10040
#
# JRE version: OpenJDK Runtime Environment (17.0.7) (build 17.0.7+0-b2043.56-10550314)
# Java VM: OpenJDK 64-Bit Server VM (17.0.7+0-b2043.56-10550314, mixed mode, tiered, compressed oops, compressed class ptrs, g1 gc, windows-amd64)
# No core dump will be written. Minidumps are not enabled by default on client versions of Windows
#

---------------  S U M M A R Y ------------

Command Line: --add-opens=java.base/java.util=ALL-UNNAMED --add-opens=java.base/java.lang=ALL-UNNAMED --add-opens=java.base/java.lang.invoke=ALL-UNNAMED --add-opens=java.prefs/java.util.prefs=ALL-UNNAMED --add-opens=java.base/java.nio.charset=ALL-UNNAMED --add-opens=java.base/java.net=ALL-UNNAMED --add-opens=java.base/java.util.concurrent.atomic=ALL-UNNAMED -Xmx2048m -Dfile.encoding=UTF-8 -Duser.country=RU -Duser.language=ru -Duser.variant -javaagent:C:\Users\pr111gorohova.OAT\.gradle\wrapper\dists\gradle-8.2-bin\bbg7u40eoinfdyxsxr3z4i7ta\gradle-8.2\lib\agents\gradle-instrumentation-agent-8.2.jar org.gradle.launcher.daemon.bootstrap.GradleDaemon 8.2

Host: Intel(R) Core(TM) i7-9700 CPU @ 3.00GHz, 8 cores, 15G,  Windows 10 , 64 bit Build 17763 (10.0.17763.4974)
Time: Mon Nov 18 16:15:50 2024 ќмское стандартное врем€ elapsed time: 5.176785 seconds (0d 0h 0m 5s)

---------------  T H R E A D  ---------------

Current thread (0x0000022f0679d450):  JavaThread "C2 CompilerThread1" daemon [_thread_in_native, id=10040, stack(0x000000d421a00000,0x000000d421b00000)]


Current CompileTask:
C2:   5176 7981       4       com.google.common.collect.ImmutableSet$RegularSetBuilderImpl::add (68 bytes)

Stack: [0x000000d421a00000,0x000000d421b00000]
Native frames: (J=compiled Java code, j=interpreted, Vv=VM code, C=native code)
V  [jvm.dll+0x683bfa]
V  [jvm.dll+0x8430a4]
V  [jvm.dll+0x8449be]
V  [jvm.dll+0x845023]
V  [jvm.dll+0x24ad2f]
V  [jvm.dll+0xac25c]
V  [jvm.dll+0xac82c]
V  [jvm.dll+0x36a132]
V  [jvm.dll+0x334821]
V  [jvm.dll+0x333cca]
V  [jvm.dll+0x21d251]
V  [jvm.dll+0x21c671]
V  [jvm.dll+0x1a605d]
V  [jvm.dll+0x22c148]
V  [jvm.dll+0x22a209]
V  [jvm.dll+0x7f858c]
V  [jvm.dll+0x7f2aea]
V  [jvm.dll+0x682a35]
C  [ucrtbase.dll+0x2268a]
C  [KERNEL32.DLL+0x17ac4]
C  [ntdll.dll+0x5a8c1]


---------------  P R O C E S S  ---------------

Threads class SMR info:
_java_thread_list=0x0000022f10c0b480, length=56, elements={
0x0000022f6c4478c0, 0x0000022f064a8300, 0x0000022f064aa310, 0x0000022f064e0280,
0x0000022f064e0da0, 0x0000022f064e1c70, 0x0000022f06502520, 0x0000022f06504120,
0x0000022f06505a30, 0x0000022f06508340, 0x0000022f066ac2b0, 0x0000022f067cf600,
0x0000022f0679d450, 0x0000022f0b9fb7b0, 0x0000022f0cf998a0, 0x0000022f0d9d84d0,
0x0000022f0c1d2dc0, 0x0000022f0c39aa90, 0x0000022f0c39af60, 0x0000022f068307a0,
0x0000022f06831610, 0x0000022f0682fe00, 0x0000022f06831140, 0x0000022f068302d0,
0x0000022f0d577730, 0x0000022f0d574710, 0x0000022f0d577260, 0x0000022f0d577c00,
0x0000022f0d572a30, 0x0000022f0d575f20, 0x0000022f0d572090, 0x0000022f0d5738a0,
0x0000022f0d5763f0, 0x0000022f0d572f00, 0x0000022f0d573d70, 0x0000022f0d5785a0,
0x0000022f0d574240, 0x0000022f0d571bc0, 0x0000022f0d5750b0, 0x0000022f0d572560,
0x0000022f0d5768c0, 0x0000022f0d576d90, 0x0000022f0ef60310, 0x0000022f0ef5f4a0,
0x0000022f0ef5f970, 0x0000022f0ef5fe40, 0x0000022f0ef5dc90, 0x0000022f0ef5efd0,
0x0000022f0ef5c950, 0x0000022f0ef5e160, 0x0000022f0ef5eb00, 0x0000022f0ef5d7c0,
0x0000022f0ef5ce20, 0x0000022f122f1b20, 0x0000022f122f1ff0, 0x0000022f122f3330
}

Java Threads: ( => current thread )
  0x0000022f6c4478c0 JavaThread "main" [_thread_blocked, id=14368, stack(0x000000d420700000,0x000000d420800000)]
  0x0000022f064a8300 JavaThread "Reference Handler" daemon [_thread_blocked, id=5460, stack(0x000000d420e00000,0x000000d420f00000)]
  0x0000022f064aa310 JavaThread "Finalizer" daemon [_thread_blocked, id=11356, stack(0x000000d420f00000,0x000000d421000000)]
  0x0000022f064e0280 JavaThread "Signal Dispatcher" daemon [_thread_blocked, id=15244, stack(0x000000d421000000,0x000000d421100000)]
  0x0000022f064e0da0 JavaThread "Attach Listener" daemon [_thread_blocked, id=11532, stack(0x000000d421100000,0x000000d421200000)]
  0x0000022f064e1c70 JavaThread "Service Thread" daemon [_thread_blocked, id=13620, stack(0x000000d421200000,0x000000d421300000)]
  0x0000022f06502520 JavaThread "Monitor Deflation Thread" daemon [_thread_blocked, id=3052, stack(0x000000d421300000,0x000000d421400000)]
  0x0000022f06504120 JavaThread "C2 CompilerThread0" daemon [_thread_in_native, id=8248, stack(0x000000d421400000,0x000000d421500000)]
  0x0000022f06505a30 JavaThread "C1 CompilerThread0" daemon [_thread_blocked, id=14900, stack(0x000000d421500000,0x000000d421600000)]
  0x0000022f06508340 JavaThread "Sweeper thread" daemon [_thread_blocked, id=12376, stack(0x000000d421600000,0x000000d421700000)]
  0x0000022f066ac2b0 JavaThread "Common-Cleaner" daemon [_thread_blocked, id=2508, stack(0x000000d421700000,0x000000d421800000)]
  0x0000022f067cf600 JavaThread "Notification Thread" daemon [_thread_blocked, id=13536, stack(0x000000d421800000,0x000000d421900000)]
=>0x0000022f0679d450 JavaThread "C2 CompilerThread1" daemon [_thread_in_native, id=10040, stack(0x000000d421a00000,0x000000d421b00000)]
  0x0000022f0b9fb7b0 JavaThread "C2 CompilerThread2" daemon [_thread_in_native, id=2532, stack(0x000000d422000000,0x000000d422100000)]
  0x0000022f0cf998a0 JavaThread "Daemon health stats" [_thread_blocked, id=3660, stack(0x000000d422100000,0x000000d422200000)]
  0x0000022f0d9d84d0 JavaThread "Incoming local TCP Connector on port 57291" [_thread_in_native, id=10000, stack(0x000000d422200000,0x000000d422300000)]
  0x0000022f0c1d2dc0 JavaThread "Daemon periodic checks" [_thread_blocked, id=12012, stack(0x000000d422300000,0x000000d422400000)]
  0x0000022f0c39aa90 JavaThread "Daemon" [_thread_blocked, id=11428, stack(0x000000d422400000,0x000000d422500000)]
  0x0000022f0c39af60 JavaThread "Handler for socket connection from /127.0.0.1:57291 to /127.0.0.1:57292" [_thread_in_native, id=652, stack(0x000000d422500000,0x000000d422600000)]
  0x0000022f068307a0 JavaThread "Cancel handler" [_thread_blocked, id=11184, stack(0x000000d422600000,0x000000d422700000)]
  0x0000022f06831610 JavaThread "Daemon worker" [_thread_in_vm, id=10992, stack(0x000000d422700000,0x000000d422800000)]
  0x0000022f0682fe00 JavaThread "Asynchronous log dispatcher for DefaultDaemonConnection: socket connection from /127.0.0.1:57291 to /127.0.0.1:57292" [_thread_blocked, id=9028, stack(0x000000d422800000,0x000000d422900000)]
  0x0000022f06831140 JavaThread "Stdin handler" [_thread_blocked, id=5180, stack(0x000000d422900000,0x000000d422a00000)]
  0x0000022f068302d0 JavaThread "Daemon client event forwarder" [_thread_blocked, id=14248, stack(0x000000d422a00000,0x000000d422b00000)]
  0x0000022f0d577730 JavaThread "Cache worker for journal cache (C:\Users\pr111gorohova.OAT\.gradle\caches\journal-1)" [_thread_blocked, id=13448, stack(0x000000d422e00000,0x000000d422f00000)]
  0x0000022f0d574710 JavaThread "File lock request listener" [_thread_in_native, id=14600, stack(0x000000d422f00000,0x000000d423000000)]
  0x0000022f0d577260 JavaThread "Cache worker for file hash cache (C:\Users\pr111gorohova.OAT\.gradle\caches\8.2\fileHashes)" [_thread_blocked, id=5340, stack(0x000000d423000000,0x000000d423100000)]
  0x0000022f0d577c00 JavaThread "File watcher server" daemon [_thread_in_native, id=12392, stack(0x000000d423100000,0x000000d423200000)]
  0x0000022f0d572a30 JavaThread "File watcher consumer" daemon [_thread_blocked, id=6512, stack(0x000000d423200000,0x000000d423300000)]
  0x0000022f0d575f20 JavaThread "Cache worker for checksums cache (C:\Users\pr111gorohova.OAT\AndroidStudioProjects\SmartHouse\.gradle\8.2\checksums)" [_thread_blocked, id=8752, stack(0x000000d423300000,0x000000d423400000)]
  0x0000022f0d572090 JavaThread "Cache worker for cache directory md-rule (C:\Users\pr111gorohova.OAT\.gradle\caches\8.2\md-rule)" [_thread_blocked, id=9416, stack(0x000000d423400000,0x000000d423500000)]
  0x0000022f0d5738a0 JavaThread "Cache worker for file content cache (C:\Users\pr111gorohova.OAT\.gradle\caches\8.2\fileContent)" [_thread_blocked, id=13632, stack(0x000000d423500000,0x000000d423600000)]
  0x0000022f0d5763f0 JavaThread "Cache worker for file hash cache (C:\Users\pr111gorohova.OAT\AndroidStudioProjects\SmartHouse\.gradle\8.2\fileHashes)" [_thread_blocked, id=9000, stack(0x000000d423600000,0x000000d423700000)]
  0x0000022f0d572f00 JavaThread "Cache worker for cache directory md-supplier (C:\Users\pr111gorohova.OAT\.gradle\caches\8.2\md-supplier)" [_thread_blocked, id=12340, stack(0x000000d423700000,0x000000d423800000)]
  0x0000022f0d573d70 JavaThread "Cache worker for execution history cache (C:\Users\pr111gorohova.OAT\.gradle\caches\8.2\executionHistory)" [_thread_blocked, id=12924, stack(0x000000d423800000,0x000000d423900000)]
  0x0000022f0d5785a0 JavaThread "jar transforms" [_thread_blocked, id=13328, stack(0x000000d423a00000,0x000000d423b00000)]
  0x0000022f0d574240 JavaThread "jar transforms Thread 2" [_thread_blocked, id=4256, stack(0x000000d423b00000,0x000000d423c00000)]
  0x0000022f0d571bc0 JavaThread "Cache worker for kotlin-dsl (C:\Users\pr111gorohova.OAT\.gradle\caches\8.2\kotlin-dsl)" [_thread_blocked, id=9372, stack(0x000000d423c00000,0x000000d423d00000)]
  0x0000022f0d5750b0 JavaThread "jar transforms Thread 3" [_thread_blocked, id=1224, stack(0x000000d423d00000,0x000000d423e00000)]
  0x0000022f0d572560 JavaThread "jar transforms Thread 4" [_thread_blocked, id=10856, stack(0x000000d423e00000,0x000000d423f00000)]
  0x0000022f0d5768c0 JavaThread "jar transforms Thread 5" [_thread_blocked, id=5792, stack(0x000000d423f00000,0x000000d424000000)]
  0x0000022f0d576d90 JavaThread "jar transforms Thread 6" [_thread_blocked, id=11316, stack(0x000000d424000000,0x000000d424100000)]
  0x0000022f0ef60310 JavaThread "Cache worker for dependencies-accessors (C:\Users\pr111gorohova.OAT\AndroidStudioProjects\SmartHouse\.gradle\8.2\dependencies-accessors)" [_thread_blocked, id=10684, stack(0x000000d424100000,0x000000d424200000)]
  0x0000022f0ef5f4a0 JavaThread "Cache worker for Build Output Cleanup Cache (C:\Users\pr111gorohova.OAT\AndroidStudioProjects\SmartHouse\.gradle\buildOutputCleanup)" [_thread_blocked, id=6500, stack(0x000000d424200000,0x000000d424300000)]
  0x0000022f0ef5f970 JavaThread "jar transforms Thread 7" [_thread_blocked, id=8516, stack(0x000000d424300000,0x000000d424400000)]
  0x0000022f0ef5fe40 JavaThread "jar transforms Thread 8" [_thread_blocked, id=11588, stack(0x000000d424400000,0x000000d424500000)]
  0x0000022f0ef5dc90 JavaThread "Unconstrained build operations" [_thread_blocked, id=11448, stack(0x000000d424500000,0x000000d424600000)]
  0x0000022f0ef5efd0 JavaThread "Unconstrained build operations Thread 2" [_thread_blocked, id=1176, stack(0x000000d424600000,0x000000d424700000)]
  0x0000022f0ef5c950 JavaThread "Unconstrained build operations Thread 3" [_thread_blocked, id=14548, stack(0x000000d424700000,0x000000d424800000)]
  0x0000022f0ef5e160 JavaThread "Unconstrained build operations Thread 4" [_thread_blocked, id=9868, stack(0x000000d424800000,0x000000d424900000)]
  0x0000022f0ef5eb00 JavaThread "Unconstrained build operations Thread 5" [_thread_blocked, id=12632, stack(0x000000d424900000,0x000000d424a00000)]
  0x0000022f0ef5d7c0 JavaThread "Unconstrained build operations Thread 6" [_thread_blocked, id=12176, stack(0x000000d424a00000,0x000000d424b00000)]
  0x0000022f0ef5ce20 JavaThread "Unconstrained build operations Thread 7" [_thread_blocked, id=13564, stack(0x000000d424b00000,0x000000d424c00000)]
  0x0000022f122f1b20 JavaThread "build event listener" [_thread_blocked, id=15032, stack(0x000000d424e00000,0x000000d424f00000)]
  0x0000022f122f1ff0 JavaThread "Memory manager" [_thread_blocked, id=5912, stack(0x000000d424f00000,0x000000d425000000)]
  0x0000022f122f3330 JavaThread "build event listener" [_thread_blocked, id=10496, stack(0x000000d425000000,0x000000d425100000)]

Other Threads:
  0x0000022f064a5060 VMThread "VM Thread" [stack: 0x000000d420d00000,0x000000d420e00000] [id=11312]
  0x0000022f6c4fb2f0 WatcherThread [stack: 0x000000d421900000,0x000000d421a00000] [id=8048]
  0x0000022f6c4a2a90 GCTaskThread "GC Thread#0" [stack: 0x000000d420800000,0x000000d420900000] [id=2372]
  0x0000022f0bae0df0 GCTaskThread "GC Thread#1" [stack: 0x000000d421b00000,0x000000d421c00000] [id=9288]
  0x0000022f0bc9a220 GCTaskThread "GC Thread#2" [stack: 0x000000d421c00000,0x000000d421d00000] [id=3320]
  0x0000022f0bc9a4d0 GCTaskThread "GC Thread#3" [stack: 0x000000d421d00000,0x000000d421e00000] [id=14476]
  0x0000022f0bc9a780 GCTaskThread "GC Thread#4" [stack: 0x000000d421e00000,0x000000d421f00000] [id=11528]
  0x0000022f0b85ee60 GCTaskThread "GC Thread#5" [stack: 0x000000d421f00000,0x000000d422000000] [id=13596]
  0x0000022f0cfd8020 GCTaskThread "GC Thread#6" [stack: 0x000000d422b00000,0x000000d422c00000] [id=2588]
  0x0000022f0d5dd0d0 GCTaskThread "GC Thread#7" [stack: 0x000000d422c00000,0x000000d422d00000] [id=8816]
  0x0000022f6c4b38e0 ConcurrentGCThread "G1 Main Marker" [stack: 0x000000d420900000,0x000000d420a00000] [id=14504]
  0x0000022f6c4b4200 ConcurrentGCThread "G1 Conc#0" [stack: 0x000000d420a00000,0x000000d420b00000] [id=9152]
  0x0000022f0c29c8b0 ConcurrentGCThread "G1 Conc#1" [stack: 0x000000d422d00000,0x000000d422e00000] [id=5064]
  0x0000022f061cdf80 ConcurrentGCThread "G1 Refine#0" [stack: 0x000000d420b00000,0x000000d420c00000] [id=3740]
  0x0000022f0d57bdc0 ConcurrentGCThread "G1 Refine#1" [stack: 0x000000d423900000,0x000000d423a00000] [id=12852]
  0x0000022f0c47ece0 ConcurrentGCThread "G1 Refine#2" [stack: 0x000000d424c00000,0x000000d424d00000] [id=15296]
  0x0000022f0c47b920 ConcurrentGCThread "G1 Refine#3" [stack: 0x000000d424d00000,0x000000d424e00000] [id=7164]
  0x0000022f061cf8c0 ConcurrentGCThread "G1 Service" [stack: 0x000000d420c00000,0x000000d420d00000] [id=12276]

Threads with active compile tasks:
C2 CompilerThread0     5186 7842       4       org.gradle.internal.instantiation.generator.AbstractClassGenerator::inspectType (560 bytes)
C2 CompilerThread1     5186 7981       4       com.google.common.collect.ImmutableSet$RegularSetBuilderImpl::add (68 bytes)
C2 CompilerThread2     5186 8000       4       org.gradle.tooling.internal.provider.runner.ClientBuildEventGenerator::finished (128 bytes)

VM state: not at safepoint (normal execution)

VM Mutex/Monitor currently owned by a thread:  ([mutex/lock_event])
[0x0000022f6c4346b0] Metaspace_lock - owner thread: 0x0000022f06831610

Heap address: 0x0000000080000000, size: 2048 MB, Compressed Oops mode: 32-bit

CDS archive(s) not mapped
Compressed class space mapped at: 0x0000000100000000-0x0000000140000000, reserved size: 1073741824
Narrow klass base: 0x0000000000000000, Narrow klass shift: 3, Narrow klass range: 0x140000000

GC Precious Log:
 CPUs: 8 total, 8 available
 Memory: 16303M
 Large Page Support: Disabled
 NUMA Support: Disabled
 Compressed Oops: Enabled (32-bit)
 Heap Region Size: 1M
 Heap Min Capacity: 8M
 Heap Initial Capacity: 256M
 Heap Max Capacity: 2G
 Pre-touch: Disabled
 Parallel Workers: 8
 Concurrent Workers: 2
 Concurrent Refinement Workers: 8
 Periodic GC: Disabled

Heap:
 garbage-first heap   total 164864K, used 111250K [0x0000000080000000, 0x0000000100000000)
  region size 1024K, 31 young (31744K), 2 survivors (2048K)
 Metaspace       used 82218K, committed 82816K, reserved 1179648K
  class space    used 11215K, committed 11520K, reserved 1048576K

Heap Regions: E=young(eden), S=young(survivor), O=old, HS=humongous(starts), HC=humongous(continues), CS=collection set, F=free, OA=open archive, CA=closed archive, TAMS=top-at-mark-start (previous, next)
|   0|0x0000000080000000, 0x0000000080100000, 0x0000000080100000|100%|HS|  |TAMS 0x0000000080100000, 0x0000000080000000| Complete 
|   1|0x0000000080100000, 0x0000000080200000, 0x0000000080200000|100%|HC|  |TAMS 0x0000000080200000, 0x0000000080100000| Complete 
|   2|0x0000000080200000, 0x0000000080300000, 0x0000000080300000|100%|HC|  |TAMS 0x0000000080300000, 0x0000000080200000| Complete 
|   3|0x0000000080300000, 0x0000000080400000, 0x0000000080400000|100%|HC|  |TAMS 0x0000000080400000, 0x0000000080300000| Complete 
|   4|0x0000000080400000, 0x0000000080500000, 0x0000000080500000|100%| O|  |TAMS 0x0000000080500000, 0x0000000080400000| Untracked 
|   5|0x0000000080500000, 0x0000000080600000, 0x0000000080600000|100%| O|  |TAMS 0x0000000080600000, 0x0000000080500000| Untracked 
|   6|0x0000000080600000, 0x0000000080700000, 0x0000000080700000|100%| O|  |TAMS 0x0000000080700000, 0x0000000080600000| Untracked 
|   7|0x0000000080700000, 0x0000000080800000, 0x0000000080800000|100%| O|  |TAMS 0x0000000080800000, 0x0000000080700000| Untracked 
|   8|0x0000000080800000, 0x0000000080900000, 0x0000000080900000|100%| O|  |TAMS 0x0000000080900000, 0x0000000080800000| Untracked 
|   9|0x0000000080900000, 0x0000000080a00000, 0x0000000080a00000|100%| O|  |TAMS 0x0000000080a00000, 0x0000000080900000| Untracked 
|  10|0x0000000080a00000, 0x0000000080b00000, 0x0000000080b00000|100%| O|  |TAMS 0x0000000080b00000, 0x0000000080a00000| Untracked 
|  11|0x0000000080b00000, 0x0000000080b5ca00, 0x0000000080c00000| 36%| O|  |TAMS 0x0000000080b5ca00, 0x0000000080b00000| Complete 
|  12|0x0000000080c00000, 0x0000000080d00000, 0x0000000080d00000|100%| O|  |TAMS 0x0000000080d00000, 0x0000000080c00000| Untracked 
|  13|0x0000000080d00000, 0x0000000080e00000, 0x0000000080e00000|100%| O|  |TAMS 0x0000000080e00000, 0x0000000080d00000| Untracked 
|  14|0x0000000080e00000, 0x0000000080f00000, 0x0000000080f00000|100%| O|  |TAMS 0x0000000080f00000, 0x0000000080e00000| Untracked 
|  15|0x0000000080f00000, 0x0000000081000000, 0x0000000081000000|100%| O|  |TAMS 0x0000000081000000, 0x0000000080f00000| Untracked 
|  16|0x0000000081000000, 0x0000000081100000, 0x0000000081100000|100%| O|  |TAMS 0x0000000081100000, 0x0000000081000000| Untracked 
|  17|0x0000000081100000, 0x0000000081200000, 0x0000000081200000|100%| O|  |TAMS 0x0000000081200000, 0x0000000081100000| Untracked 
|  18|0x0000000081200000, 0x0000000081300000, 0x0000000081300000|100%| O|  |TAMS 0x0000000081300000, 0x0000000081200000| Untracked 
|  19|0x0000000081300000, 0x0000000081400000, 0x0000000081400000|100%| O|  |TAMS 0x0000000081400000, 0x0000000081300000| Untracked 
|  20|0x0000000081400000, 0x0000000081500000, 0x0000000081500000|100%| O|  |TAMS 0x0000000081500000, 0x0000000081400000| Untracked 
|  21|0x0000000081500000, 0x0000000081600000, 0x0000000081600000|100%| O|  |TAMS 0x0000000081600000, 0x0000000081500000| Untracked 
|  22|0x0000000081600000, 0x0000000081700000, 0x0000000081700000|100%| O|  |TAMS 0x0000000081700000, 0x0000000081600000| Untracked 
|  23|0x0000000081700000, 0x0000000081800000, 0x0000000081800000|100%| O|  |TAMS 0x0000000081800000, 0x0000000081700000| Untracked 
|  24|0x0000000081800000, 0x0000000081900000, 0x0000000081900000|100%| O|  |TAMS 0x0000000081900000, 0x0000000081800000| Untracked 
|  25|0x0000000081900000, 0x0000000081a00000, 0x0000000081a00000|100%| O|  |TAMS 0x0000000081a00000, 0x0000000081900000| Untracked 
|  26|0x0000000081a00000, 0x0000000081b00000, 0x0000000081b00000|100%| O|  |TAMS 0x0000000081b00000, 0x0000000081a00000| Untracked 
|  27|0x0000000081b00000, 0x0000000081c00000, 0x0000000081c00000|100%| O|  |TAMS 0x0000000081c00000, 0x0000000081b00000| Untracked 
|  28|0x0000000081c00000, 0x0000000081d00000, 0x0000000081d00000|100%| O|  |TAMS 0x0000000081d00000, 0x0000000081c00000| Untracked 
|  29|0x0000000081d00000, 0x0000000081e00000, 0x0000000081e00000|100%| O|  |TAMS 0x0000000081e00000, 0x0000000081d00000| Untracked 
|  30|0x0000000081e00000, 0x0000000081f00000, 0x0000000081f00000|100%|HS|  |TAMS 0x0000000081f00000, 0x0000000081e00000| Complete 
|  31|0x0000000081f00000, 0x0000000082000000, 0x0000000082000000|100%|HS|  |TAMS 0x0000000082000000, 0x0000000081f00000| Complete 
|  32|0x0000000082000000, 0x0000000082100000, 0x0000000082100000|100%|HS|  |TAMS 0x0000000082100000, 0x0000000082000000| Complete 
|  33|0x0000000082100000, 0x0000000082200000, 0x0000000082200000|100%|HC|  |TAMS 0x0000000082200000, 0x0000000082100000| Complete 
|  34|0x0000000082200000, 0x0000000082300000, 0x0000000082300000|100%|HS|  |TAMS 0x0000000082300000, 0x0000000082200000| Complete 
|  35|0x0000000082300000, 0x0000000082400000, 0x0000000082400000|100%|HC|  |TAMS 0x0000000082400000, 0x0000000082300000| Complete 
|  36|0x0000000082400000, 0x0000000082500000, 0x0000000082500000|100%| O|  |TAMS 0x0000000082500000, 0x0000000082400000| Untracked 
|  37|0x0000000082500000, 0x0000000082600000, 0x0000000082600000|100%| O|  |TAMS 0x0000000082600000, 0x0000000082500000| Untracked 
|  38|0x0000000082600000, 0x0000000082700000, 0x0000000082700000|100%| O|  |TAMS 0x0000000082700000, 0x0000000082600000| Untracked 
|  39|0x0000000082700000, 0x0000000082800000, 0x0000000082800000|100%| O|  |TAMS 0x0000000082800000, 0x0000000082700000| Untracked 
|  40|0x0000000082800000, 0x0000000082900000, 0x0000000082900000|100%|HS|  |TAMS 0x0000000082900000, 0x0000000082800000| Complete 
|  41|0x0000000082900000, 0x0000000082a00000, 0x0000000082a00000|100%|HS|  |TAMS 0x0000000082a00000, 0x0000000082900000| Complete 
|  42|0x0000000082a00000, 0x0000000082b00000, 0x0000000082b00000|100%| O|  |TAMS 0x0000000082b00000, 0x0000000082a00000| Untracked 
|  43|0x0000000082b00000, 0x0000000082c00000, 0x0000000082c00000|100%| O|  |TAMS 0x0000000082c00000, 0x0000000082b00000| Untracked 
|  44|0x0000000082c00000, 0x0000000082d00000, 0x0000000082d00000|100%| O|  |TAMS 0x0000000082d00000, 0x0000000082c00000| Untracked 
|  45|0x0000000082d00000, 0x0000000082e00000, 0x0000000082e00000|100%|HS|  |TAMS 0x0000000082e00000, 0x0000000082d00000| Complete 
|  46|0x0000000082e00000, 0x0000000082f00000, 0x0000000082f00000|100%| O|  |TAMS 0x0000000082f00000, 0x0000000082e00000| Untracked 
|  47|0x0000000082f00000, 0x0000000083000000, 0x0000000083000000|100%| O|  |TAMS 0x0000000083000000, 0x0000000082f00000| Untracked 
|  48|0x0000000083000000, 0x0000000083100000, 0x0000000083100000|100%| O|  |TAMS 0x0000000083100000, 0x0000000083000000| Untracked 
|  49|0x0000000083100000, 0x0000000083200000, 0x0000000083200000|100%| O|  |TAMS 0x0000000083200000, 0x0000000083100000| Untracked 
|  50|0x0000000083200000, 0x0000000083300000, 0x0000000083300000|100%|HS|  |TAMS 0x0000000083300000, 0x0000000083200000| Complete 
|  51|0x0000000083300000, 0x0000000083400000, 0x0000000083400000|100%|HC|  |TAMS 0x0000000083400000, 0x0000000083300000| Complete 
|  52|0x0000000083400000, 0x0000000083500000, 0x0000000083500000|100%|HC|  |TAMS 0x0000000083500000, 0x0000000083400000| Complete 
|  53|0x0000000083500000, 0x0000000083600000, 0x0000000083600000|100%|HC|  |TAMS 0x0000000083600000, 0x0000000083500000| Complete 
|  54|0x0000000083600000, 0x0000000083700000, 0x0000000083700000|100%| O|  |TAMS 0x0000000083700000, 0x0000000083600000| Untracked 
|  55|0x0000000083700000, 0x0000000083800000, 0x0000000083800000|100%| O|  |TAMS 0x0000000083800000, 0x0000000083700000| Untracked 
|  56|0x0000000083800000, 0x0000000083900000, 0x0000000083900000|100%| O|  |TAMS 0x0000000083900000, 0x0000000083800000| Untracked 
|  57|0x0000000083900000, 0x0000000083a00000, 0x0000000083a00000|100%| O|  |TAMS 0x0000000083a00000, 0x0000000083900000| Untracked 
|  58|0x0000000083a00000, 0x0000000083b00000, 0x0000000083b00000|100%| O|  |TAMS 0x0000000083b00000, 0x0000000083a00000| Untracked 
|  59|0x0000000083b00000, 0x0000000083c00000, 0x0000000083c00000|100%| O|  |TAMS 0x0000000083c00000, 0x0000000083b00000| Untracked 
|  60|0x0000000083c00000, 0x0000000083d00000, 0x0000000083d00000|100%| O|  |TAMS 0x0000000083d00000, 0x0000000083c00000| Untracked 
|  61|0x0000000083d00000, 0x0000000083e00000, 0x0000000083e00000|100%| O|  |TAMS 0x0000000083e00000, 0x0000000083d00000| Untracked 
|  62|0x0000000083e00000, 0x0000000083f00000, 0x0000000083f00000|100%| O|  |TAMS 0x0000000083f00000, 0x0000000083e00000| Untracked 
|  63|0x0000000083f00000, 0x0000000084000000, 0x0000000084000000|100%| O|  |TAMS 0x0000000084000000, 0x0000000083f00000| Untracked 
|  64|0x0000000084000000, 0x0000000084100000, 0x0000000084100000|100%| O|  |TAMS 0x0000000084100000, 0x0000000084000000| Untracked 
|  65|0x0000000084100000, 0x0000000084200000, 0x0000000084200000|100%| O|  |TAMS 0x0000000084200000, 0x0000000084100000| Untracked 
|  66|0x0000000084200000, 0x0000000084300000, 0x0000000084300000|100%| O|  |TAMS 0x0000000084300000, 0x0000000084200000| Untracked 
|  67|0x0000000084300000, 0x0000000084400000, 0x0000000084400000|100%| O|  |TAMS 0x0000000084400000, 0x0000000084300000| Untracked 
|  68|0x0000000084400000, 0x0000000084500000, 0x0000000084500000|100%|HS|  |TAMS 0x0000000084500000, 0x0000000084400000| Complete 
|  69|0x0000000084500000, 0x0000000084600000, 0x0000000084600000|100%|HC|  |TAMS 0x0000000084600000, 0x0000000084500000| Complete 
|  70|0x0000000084600000, 0x0000000084700000, 0x0000000084700000|100%|HC|  |TAMS 0x0000000084700000, 0x0000000084600000| Complete 
|  71|0x0000000084700000, 0x0000000084800000, 0x0000000084800000|100%|HC|  |TAMS 0x0000000084800000, 0x0000000084700000| Complete 
|  72|0x0000000084800000, 0x0000000084900000, 0x0000000084900000|100%| O|  |TAMS 0x0000000084900000, 0x0000000084800000| Untracked 
|  73|0x0000000084900000, 0x0000000084a00000, 0x0000000084a00000|100%| O|  |TAMS 0x00000000849a8000, 0x0000000084900000| Untracked 
|  74|0x0000000084a00000, 0x0000000084b00000, 0x0000000084b00000|100%| O|  |TAMS 0x0000000084a00000, 0x0000000084a00000| Untracked 
|  75|0x0000000084b00000, 0x0000000084c00000, 0x0000000084c00000|100%| O|  |TAMS 0x0000000084b00000, 0x0000000084b00000| Untracked 
|  76|0x0000000084c00000, 0x0000000084d00000, 0x0000000084d00000|100%| O|  |TAMS 0x0000000084c00000, 0x0000000084c00000| Untracked 
|  77|0x0000000084d00000, 0x0000000084e00000, 0x0000000084e00000|100%| O|  |TAMS 0x0000000084d00000, 0x0000000084d00000| Untracked 
|  78|0x0000000084e00000, 0x0000000084e8f200, 0x0000000084f00000| 55%| O|  |TAMS 0x0000000084e00000, 0x0000000084e00000| Untracked 
|  79|0x0000000084f00000, 0x0000000085000000, 0x0000000085000000|100%|HS|  |TAMS 0x0000000084f00000, 0x0000000084f00000| Complete 
|  80|0x0000000085000000, 0x0000000085000000, 0x0000000085100000|  0%| F|  |TAMS 0x0000000085000000, 0x0000000085000000| Untracked 
|  81|0x0000000085100000, 0x0000000085100000, 0x0000000085200000|  0%| F|  |TAMS 0x0000000085100000, 0x0000000085100000| Untracked 
|  82|0x0000000085200000, 0x0000000085200000, 0x0000000085300000|  0%| F|  |TAMS 0x0000000085200000, 0x0000000085200000| Untracked 
|  83|0x0000000085300000, 0x0000000085300000, 0x0000000085400000|  0%| F|  |TAMS 0x0000000085300000, 0x0000000085300000| Untracked 
|  84|0x0000000085400000, 0x0000000085400000, 0x0000000085500000|  0%| F|  |TAMS 0x0000000085400000, 0x0000000085400000| Untracked 
|  85|0x0000000085500000, 0x0000000085500000, 0x0000000085600000|  0%| F|  |TAMS 0x0000000085500000, 0x0000000085500000| Untracked 
|  86|0x0000000085600000, 0x0000000085600000, 0x0000000085700000|  0%| F|  |TAMS 0x0000000085600000, 0x0000000085600000| Untracked 
|  87|0x0000000085700000, 0x0000000085700000, 0x0000000085800000|  0%| F|  |TAMS 0x0000000085700000, 0x0000000085700000| Untracked 
|  88|0x0000000085800000, 0x0000000085800000, 0x0000000085900000|  0%| F|  |TAMS 0x0000000085800000, 0x0000000085800000| Untracked 
|  89|0x0000000085900000, 0x0000000085900000, 0x0000000085a00000|  0%| F|  |TAMS 0x0000000085900000, 0x0000000085900000| Untracked 
|  90|0x0000000085a00000, 0x0000000085a00000, 0x0000000085b00000|  0%| F|  |TAMS 0x0000000085a00000, 0x0000000085a00000| Untracked 
|  91|0x0000000085b00000, 0x0000000085b00000, 0x0000000085c00000|  0%| F|  |TAMS 0x0000000085b00000, 0x0000000085b00000| Untracked 
|  92|0x0000000085c00000, 0x0000000085c00000, 0x0000000085d00000|  0%| F|  |TAMS 0x0000000085c00000, 0x0000000085c00000| Untracked 
|  93|0x0000000085d00000, 0x0000000085d00000, 0x0000000085e00000|  0%| F|  |TAMS 0x0000000085d00000, 0x0000000085d00000| Untracked 
|  94|0x0000000085e00000, 0x0000000085e00000, 0x0000000085f00000|  0%| F|  |TAMS 0x0000000085e00000, 0x0000000085e00000| Untracked 
|  95|0x0000000085f00000, 0x0000000085f00000, 0x0000000086000000|  0%| F|  |TAMS 0x0000000085f00000, 0x0000000085f00000| Untracked 
|  96|0x0000000086000000, 0x0000000086000000, 0x0000000086100000|  0%| F|  |TAMS 0x0000000086000000, 0x0000000086000000| Untracked 
|  97|0x0000000086100000, 0x0000000086100000, 0x0000000086200000|  0%| F|  |TAMS 0x0000000086100000, 0x0000000086100000| Untracked 
|  98|0x0000000086200000, 0x0000000086200000, 0x0000000086300000|  0%| F|  |TAMS 0x0000000086200000, 0x0000000086200000| Untracked 
|  99|0x0000000086300000, 0x0000000086300000, 0x0000000086400000|  0%| F|  |TAMS 0x0000000086300000, 0x0000000086300000| Untracked 
| 100|0x0000000086400000, 0x0000000086400000, 0x0000000086500000|  0%| F|  |TAMS 0x0000000086400000, 0x0000000086400000| Untracked 
| 101|0x0000000086500000, 0x0000000086500000, 0x0000000086600000|  0%| F|  |TAMS 0x0000000086500000, 0x0000000086500000| Untracked 
| 102|0x0000000086600000, 0x0000000086600000, 0x0000000086700000|  0%| F|  |TAMS 0x0000000086600000, 0x0000000086600000| Untracked 
| 103|0x0000000086700000, 0x0000000086700000, 0x0000000086800000|  0%| F|  |TAMS 0x0000000086700000, 0x0000000086700000| Untracked 
| 104|0x0000000086800000, 0x0000000086800000, 0x0000000086900000|  0%| F|  |TAMS 0x0000000086800000, 0x0000000086800000| Untracked 
| 105|0x0000000086900000, 0x0000000086900000, 0x0000000086a00000|  0%| F|  |TAMS 0x0000000086900000, 0x0000000086900000| Untracked 
| 106|0x0000000086a00000, 0x0000000086a00000, 0x0000000086b00000|  0%| F|  |TAMS 0x0000000086a00000, 0x0000000086a00000| Untracked 
| 107|0x0000000086b00000, 0x0000000086b00000, 0x0000000086c00000|  0%| F|  |TAMS 0x0000000086b00000, 0x0000000086b00000| Untracked 
| 108|0x0000000086c00000, 0x0000000086cb8f30, 0x0000000086d00000| 72%| S|CS|TAMS 0x0000000086c00000, 0x0000000086c00000| Complete 
| 109|0x0000000086d00000, 0x0000000086e00000, 0x0000000086e00000|100%| S|CS|TAMS 0x0000000086d00000, 0x0000000086d00000| Complete 
| 110|0x0000000086e00000, 0x0000000086e00000, 0x0000000086f00000|  0%| F|  |TAMS 0x0000000086e00000, 0x0000000086e00000| Untracked 
| 111|0x0000000086f00000, 0x0000000086f00000, 0x0000000087000000|  0%| F|  |TAMS 0x0000000086f00000, 0x0000000086f00000| Untracked 
| 112|0x0000000087000000, 0x0000000087000000, 0x0000000087100000|  0%| F|  |TAMS 0x0000000087000000, 0x0000000087000000| Untracked 
| 113|0x0000000087100000, 0x0000000087100000, 0x0000000087200000|  0%| F|  |TAMS 0x0000000087100000, 0x0000000087100000| Untracked 
| 114|0x0000000087200000, 0x0000000087200000, 0x0000000087300000|  0%| F|  |TAMS 0x0000000087200000, 0x0000000087200000| Untracked 
| 115|0x0000000087300000, 0x0000000087300000, 0x0000000087400000|  0%| F|  |TAMS 0x0000000087300000, 0x0000000087300000| Untracked 
| 116|0x0000000087400000, 0x0000000087400000, 0x0000000087500000|  0%| F|  |TAMS 0x0000000087400000, 0x0000000087400000| Untracked 
| 117|0x0000000087500000, 0x0000000087500000, 0x0000000087600000|  0%| F|  |TAMS 0x0000000087500000, 0x0000000087500000| Untracked 
| 118|0x0000000087600000, 0x0000000087600000, 0x0000000087700000|  0%| F|  |TAMS 0x0000000087600000, 0x0000000087600000| Untracked 
| 119|0x0000000087700000, 0x0000000087700000, 0x0000000087800000|  0%| F|  |TAMS 0x0000000087700000, 0x0000000087700000| Untracked 
| 120|0x0000000087800000, 0x0000000087800000, 0x0000000087900000|  0%| F|  |TAMS 0x0000000087800000, 0x0000000087800000| Untracked 
| 121|0x0000000087900000, 0x0000000087900000, 0x0000000087a00000|  0%| F|  |TAMS 0x0000000087900000, 0x0000000087900000| Untracked 
| 122|0x0000000087a00000, 0x0000000087a00000, 0x0000000087b00000|  0%| F|  |TAMS 0x0000000087a00000, 0x0000000087a00000| Untracked 
| 123|0x0000000087b00000, 0x0000000087b00000, 0x0000000087c00000|  0%| F|  |TAMS 0x0000000087b00000, 0x0000000087b00000| Untracked 
| 124|0x0000000087c00000, 0x0000000087c00000, 0x0000000087d00000|  0%| F|  |TAMS 0x0000000087c00000, 0x0000000087c00000| Untracked 
| 125|0x0000000087d00000, 0x0000000087d00000, 0x0000000087e00000|  0%| F|  |TAMS 0x0000000087d00000, 0x0000000087d00000| Untracked 
| 126|0x0000000087e00000, 0x0000000087e00000, 0x0000000087f00000|  0%| F|  |TAMS 0x0000000087e00000, 0x0000000087e00000| Untracked 
| 127|0x0000000087f00000, 0x0000000087f00000, 0x0000000088000000|  0%| F|  |TAMS 0x0000000087f00000, 0x0000000087f00000| Untracked 
| 128|0x0000000088000000, 0x0000000088000000, 0x0000000088100000|  0%| F|  |TAMS 0x0000000088000000, 0x0000000088000000| Untracked 
| 129|0x0000000088100000, 0x0000000088100000, 0x0000000088200000|  0%| F|  |TAMS 0x0000000088100000, 0x0000000088100000| Untracked 
| 130|0x0000000088200000, 0x0000000088200000, 0x0000000088300000|  0%| F|  |TAMS 0x0000000088200000, 0x0000000088200000| Untracked 
| 131|0x0000000088300000, 0x0000000088300000, 0x0000000088400000|  0%| F|  |TAMS 0x0000000088300000, 0x0000000088300000| Untracked 
| 132|0x0000000088400000, 0x0000000088480800, 0x0000000088500000| 50%| E|  |TAMS 0x0000000088400000, 0x0000000088400000| Complete 
| 133|0x0000000088500000, 0x0000000088600000, 0x0000000088600000|100%| E|CS|TAMS 0x0000000088500000, 0x0000000088500000| Complete 
| 134|0x0000000088600000, 0x0000000088700000, 0x0000000088700000|100%| E|CS|TAMS 0x0000000088600000, 0x0000000088600000| Complete 
| 135|0x0000000088700000, 0x0000000088800000, 0x0000000088800000|100%| E|CS|TAMS 0x0000000088700000, 0x0000000088700000| Complete 
| 136|0x0000000088800000, 0x0000000088900000, 0x0000000088900000|100%| E|CS|TAMS 0x0000000088800000, 0x0000000088800000| Complete 
| 137|0x0000000088900000, 0x0000000088a00000, 0x0000000088a00000|100%| E|CS|TAMS 0x0000000088900000, 0x0000000088900000| Complete 
| 138|0x0000000088a00000, 0x0000000088b00000, 0x0000000088b00000|100%| E|CS|TAMS 0x0000000088a00000, 0x0000000088a00000| Complete 
| 139|0x0000000088b00000, 0x0000000088c00000, 0x0000000088c00000|100%| E|CS|TAMS 0x0000000088b00000, 0x0000000088b00000| Complete 
| 140|0x0000000088c00000, 0x0000000088d00000, 0x0000000088d00000|100%| E|CS|TAMS 0x0000000088c00000, 0x0000000088c00000| Complete 
| 141|0x0000000088d00000, 0x0000000088e00000, 0x0000000088e00000|100%| E|CS|TAMS 0x0000000088d00000, 0x0000000088d00000| Complete 
| 142|0x0000000088e00000, 0x0000000088f00000, 0x0000000088f00000|100%| E|CS|TAMS 0x0000000088e00000, 0x0000000088e00000| Complete 
| 143|0x0000000088f00000, 0x0000000089000000, 0x0000000089000000|100%| E|CS|TAMS 0x0000000088f00000, 0x0000000088f00000| Complete 
| 144|0x0000000089000000, 0x0000000089100000, 0x0000000089100000|100%| E|CS|TAMS 0x0000000089000000, 0x0000000089000000| Complete 
| 145|0x0000000089100000, 0x0000000089200000, 0x0000000089200000|100%| E|CS|TAMS 0x0000000089100000, 0x0000000089100000| Complete 
| 146|0x0000000089200000, 0x0000000089300000, 0x0000000089300000|100%| E|CS|TAMS 0x0000000089200000, 0x0000000089200000| Complete 
| 147|0x0000000089300000, 0x0000000089400000, 0x0000000089400000|100%| E|CS|TAMS 0x0000000089300000, 0x0000000089300000| Complete 
| 148|0x0000000089400000, 0x0000000089500000, 0x0000000089500000|100%| E|CS|TAMS 0x0000000089400000, 0x0000000089400000| Complete 
| 149|0x0000000089500000, 0x0000000089600000, 0x0000000089600000|100%| E|CS|TAMS 0x0000000089500000, 0x0000000089500000| Complete 
| 150|0x0000000089600000, 0x0000000089700000, 0x0000000089700000|100%| E|CS|TAMS 0x0000000089600000, 0x0000000089600000| Complete 
| 151|0x0000000089700000, 0x0000000089800000, 0x0000000089800000|100%| E|CS|TAMS 0x0000000089700000, 0x0000000089700000| Complete 
| 201|0x000000008c900000, 0x000000008ca00000, 0x000000008ca00000|100%| E|CS|TAMS 0x000000008c900000, 0x000000008c900000| Complete 
| 202|0x000000008ca00000, 0x000000008cb00000, 0x000000008cb00000|100%| E|CS|TAMS 0x000000008ca00000, 0x000000008ca00000| Complete 
| 203|0x000000008cb00000, 0x000000008cc00000, 0x000000008cc00000|100%| E|CS|TAMS 0x000000008cb00000, 0x000000008cb00000| Complete 
| 204|0x000000008cc00000, 0x000000008cd00000, 0x000000008cd00000|100%| E|CS|TAMS 0x000000008cc00000, 0x000000008cc00000| Complete 
| 205|0x000000008cd00000, 0x000000008ce00000, 0x000000008ce00000|100%| E|CS|TAMS 0x000000008cd00000, 0x000000008cd00000| Complete 
| 206|0x000000008ce00000, 0x000000008cf00000, 0x000000008cf00000|100%| E|CS|TAMS 0x000000008ce00000, 0x000000008ce00000| Complete 
| 207|0x000000008cf00000, 0x000000008d000000, 0x000000008d000000|100%| E|CS|TAMS 0x000000008cf00000, 0x000000008cf00000| Complete 
| 208|0x000000008d000000, 0x000000008d100000, 0x000000008d100000|100%| E|CS|TAMS 0x000000008d000000, 0x000000008d000000| Complete 
| 255|0x000000008ff00000, 0x0000000090000000, 0x0000000090000000|100%| E|CS|TAMS 0x000000008ff00000, 0x000000008ff00000| Complete 

Card table byte_map: [0x0000022f7f040000,0x0000022f7f440000] _byte_map_base: 0x0000022f7ec40000

Marking Bits (Prev, Next): (CMBitMap*) 0x0000022f6c4a2ff0, (CMBitMap*) 0x0000022f6c4a2fb0
 Prev Bits: [0x0000022f02000000, 0x0000022f04000000)
 Next Bits: [0x0000022f00000000, 0x0000022f02000000)

Polling page: 0x0000022f6a5d0000

Metaspace:

Usage:
  Non-class:     69.34 MB used.
      Class:     10.95 MB used.
       Both:     80.29 MB used.

Virtual space:
  Non-class space:      128.00 MB reserved,      69.63 MB ( 54%) committed,  2 nodes.
      Class space:        1.00 GB reserved,      11.25 MB (  1%) committed,  1 nodes.
             Both:        1.13 GB reserved,      80.88 MB (  7%) committed. 

Chunk freelists:
   Non-Class:  9.61 MB
       Class:  4.73 MB
        Both:  14.34 MB

MaxMetaspaceSize: unlimited
CompressedClassSpaceSize: 1.00 GB
Initial GC threshold: 21.00 MB
Current GC threshold: 131.69 MB
CDS: off
MetaspaceReclaimPolicy: balanced
 - commit_granule_bytes: 65536.
 - commit_granule_words: 8192.
 - virtual_space_node_default_size: 8388608.
 - enlarge_chunks_in_place: 1.
 - new_chunks_are_fully_committed: 0.
 - uncommit_free_chunks: 1.
 - use_allocation_guard: 0.
 - handle_deallocations: 1.


Internal statistics:

num_allocs_failed_limit: 6.
num_arena_births: 822.
num_arena_deaths: 0.
num_vsnodes_births: 3.
num_vsnodes_deaths: 0.
num_space_committed: 1294.
num_space_uncommitted: 0.
num_chunks_returned_to_freelist: 6.
num_chunks_taken_from_freelist: 3714.
num_chunk_merges: 6.
num_chunk_splits: 2499.
num_chunks_enlarged: 1716.
num_inconsistent_stats: 0.

CodeHeap 'non-profiled nmethods': size=120000Kb used=4360Kb max_used=4360Kb free=115639Kb
 bounds [0x0000022f773e0000, 0x0000022f77830000, 0x0000022f7e910000]
CodeHeap 'profiled nmethods': size=120000Kb used=13640Kb max_used=13640Kb free=106359Kb
 bounds [0x0000022f6f910000, 0x0000022f70670000, 0x0000022f76e40000]
CodeHeap 'non-nmethods': size=5760Kb used=2375Kb max_used=2447Kb free=3384Kb
 bounds [0x0000022f76e40000, 0x0000022f770b0000, 0x0000022f773e0000]
 total_blobs=8097 nmethods=7191 adapters=818
 compilation: enabled
              stopped_count=0, restarted_count=0
 full_count=0

Compilation events (20 events):
Event: 5.152 Thread 0x0000022f06505a30 nmethod 7992 0x0000022f7065ac90 code [0x0000022f7065ae60, 0x0000022f7065b2b8]
Event: 5.152 Thread 0x0000022f06505a30 7993       3       org.gradle.api.internal.provider.AbstractProperty$NonFinalizedValue::<init> (11 bytes)
Event: 5.152 Thread 0x0000022f06505a30 nmethod 7993 0x0000022f7065b490 code [0x0000022f7065b640, 0x0000022f7065b8b8]
Event: 5.152 Thread 0x0000022f06505a30 7994       3       org.gradle.api.internal.provider.AbstractProperty::init (14 bytes)
Event: 5.152 Thread 0x0000022f06505a30 nmethod 7994 0x0000022f7065ba10 code [0x0000022f7065bbc0, 0x0000022f7065bde8]
Event: 5.154 Thread 0x0000022f06505a30 7995       3       org.gradle.util.Path::getPath (20 bytes)
Event: 5.154 Thread 0x0000022f06505a30 nmethod 7995 0x0000022f7065be90 code [0x0000022f7065c040, 0x0000022f7065c228]
Event: 5.154 Thread 0x0000022f0b9fb7b0 7996   !   4       com.google.common.collect.MapMakerInternalMap$Segment::put (298 bytes)
Event: 5.158 Thread 0x0000022f06505a30 7998       3       org.gradle.internal.ImmutableActionSet$SetWithManyActions::unpackInto (10 bytes)
Event: 5.159 Thread 0x0000022f06505a30 nmethod 7998 0x0000022f7065c310 code [0x0000022f7065c4c0, 0x0000022f7065c688]
Event: 5.159 Thread 0x0000022f06505a30 7999       3       org.gradle.internal.ImmutableActionSet::mergeFrom (37 bytes)
Event: 5.159 Thread 0x0000022f06505a30 nmethod 7999 0x0000022f7065c790 code [0x0000022f7065c980, 0x0000022f7065ce48]
Event: 5.168 Thread 0x0000022f06505a30 8002       3       org.gradle.api.internal.DefaultNamedDomainObjectCollection$AbstractDomainObjectCreatingProvider::getName (5 bytes)
Event: 5.169 Thread 0x0000022f06505a30 nmethod 8002 0x0000022f7065cf90 code [0x0000022f7065d120, 0x0000022f7065d238]
Event: 5.169 Thread 0x0000022f06505a30 8001       1       org.gradle.internal.operations.DefaultBuildOperationRunner$CallableBuildOperationWorker::getReturnValue (5 bytes)
Event: 5.169 Thread 0x0000022f06505a30 nmethod 8001 0x0000022f7781d590 code [0x0000022f7781d720, 0x0000022f7781d7f8]
Event: 5.170 Thread 0x0000022f06505a30 8003       1       com.android.build.api.artifact.impl.ArtifactContainer::getCurrent (5 bytes)
Event: 5.170 Thread 0x0000022f06505a30 nmethod 8003 0x0000022f7781d890 code [0x0000022f7781da20, 0x0000022f7781daf8]
Event: 5.172 Thread 0x0000022f06505a30 8004       1       com.android.build.gradle.internal.services.BaseServicesImpl::getProjectServices (5 bytes)
Event: 5.172 Thread 0x0000022f06505a30 nmethod 8004 0x0000022f7781db90 code [0x0000022f7781dd20, 0x0000022f7781ddf8]

GC Heap History (20 events):
Event: 3.527 GC heap before
{Heap before GC invocations=17 (full 0):
 garbage-first heap   total 107520K, used 83062K [0x0000000080000000, 0x0000000100000000)
  region size 1024K, 25 young (25600K), 2 survivors (2048K)
 Metaspace       used 60262K, committed 60800K, reserved 1114112K
  class space    used 8086K, committed 8320K, reserved 1048576K
}
Event: 3.528 GC heap after
{Heap after GC invocations=18 (full 0):
 garbage-first heap   total 107520K, used 60845K [0x0000000080000000, 0x0000000100000000)
  region size 1024K, 2 young (2048K), 2 survivors (2048K)
 Metaspace       used 60262K, committed 60800K, reserved 1114112K
  class space    used 8086K, committed 8320K, reserved 1048576K
}
Event: 3.748 GC heap before
{Heap before GC invocations=19 (full 0):
 garbage-first heap   total 109568K, used 85421K [0x0000000080000000, 0x0000000100000000)
  region size 1024K, 26 young (26624K), 2 survivors (2048K)
 Metaspace       used 63640K, committed 64192K, reserved 1114112K
  class space    used 8566K, committed 8832K, reserved 1048576K
}
Event: 3.750 GC heap after
{Heap after GC invocations=20 (full 0):
 garbage-first heap   total 109568K, used 61946K [0x0000000080000000, 0x0000000100000000)
  region size 1024K, 3 young (3072K), 3 survivors (3072K)
 Metaspace       used 63640K, committed 64192K, reserved 1114112K
  class space    used 8566K, committed 8832K, reserved 1048576K
}
Event: 3.818 GC heap before
{Heap before GC invocations=20 (full 0):
 garbage-first heap   total 109568K, used 71162K [0x0000000080000000, 0x0000000100000000)
  region size 1024K, 13 young (13312K), 3 survivors (3072K)
 Metaspace       used 65319K, committed 65856K, reserved 1114112K
  class space    used 8762K, committed 9024K, reserved 1048576K
}
Event: 3.821 GC heap after
{Heap after GC invocations=21 (full 0):
 garbage-first heap   total 109568K, used 63424K [0x0000000080000000, 0x0000000100000000)
  region size 1024K, 4 young (4096K), 4 survivors (4096K)
 Metaspace       used 65319K, committed 65856K, reserved 1114112K
  class space    used 8762K, committed 9024K, reserved 1048576K
}
Event: 3.945 GC heap before
{Heap before GC invocations=22 (full 0):
 garbage-first heap   total 132096K, used 94144K [0x0000000080000000, 0x0000000100000000)
  region size 1024K, 29 young (29696K), 4 survivors (4096K)
 Metaspace       used 66439K, committed 67008K, reserved 1114112K
  class space    used 8916K, committed 9216K, reserved 1048576K
}
Event: 3.948 GC heap after
{Heap after GC invocations=23 (full 0):
 garbage-first heap   total 132096K, used 66003K [0x0000000080000000, 0x0000000100000000)
  region size 1024K, 4 young (4096K), 4 survivors (4096K)
 Metaspace       used 66439K, committed 67008K, reserved 1114112K
  class space    used 8916K, committed 9216K, reserved 1048576K
}
Event: 4.141 GC heap before
{Heap before GC invocations=23 (full 0):
 garbage-first heap   total 132096K, used 100819K [0x0000000080000000, 0x0000000100000000)
  region size 1024K, 38 young (38912K), 4 survivors (4096K)
 Metaspace       used 69078K, committed 69696K, reserved 1114112K
  class space    used 9256K, committed 9536K, reserved 1048576K
}
Event: 4.143 GC heap after
{Heap after GC invocations=24 (full 0):
 garbage-first heap   total 132096K, used 68177K [0x0000000080000000, 0x0000000100000000)
  region size 1024K, 3 young (3072K), 3 survivors (3072K)
 Metaspace       used 69078K, committed 69696K, reserved 1114112K
  class space    used 9256K, committed 9536K, reserved 1048576K
}
Event: 4.247 GC heap before
{Heap before GC invocations=25 (full 0):
 garbage-first heap   total 132096K, used 83537K [0x0000000080000000, 0x0000000100000000)
  region size 1024K, 19 young (19456K), 3 survivors (3072K)
 Metaspace       used 70553K, committed 71104K, reserved 1114112K
  class space    used 9500K, committed 9792K, reserved 1048576K
}
Event: 4.249 GC heap after
{Heap after GC invocations=26 (full 0):
 garbage-first heap   total 132096K, used 68807K [0x0000000080000000, 0x0000000100000000)
  region size 1024K, 3 young (3072K), 3 survivors (3072K)
 Metaspace       used 70553K, committed 71104K, reserved 1114112K
  class space    used 9500K, committed 9792K, reserved 1048576K
}
Event: 4.466 GC heap before
{Heap before GC invocations=27 (full 0):
 garbage-first heap   total 132096K, used 108743K [0x0000000080000000, 0x0000000100000000)
  region size 1024K, 38 young (38912K), 3 survivors (3072K)
 Metaspace       used 74332K, committed 74944K, reserved 1114112K
  class space    used 10013K, committed 10304K, reserved 1048576K
}
Event: 4.468 GC heap after
{Heap after GC invocations=28 (full 0):
 garbage-first heap   total 132096K, used 74744K [0x0000000080000000, 0x0000000100000000)
  region size 1024K, 5 young (5120K), 5 survivors (5120K)
 Metaspace       used 74332K, committed 74944K, reserved 1114112K
  class space    used 10013K, committed 10304K, reserved 1048576K
}
Event: 4.668 GC heap before
{Heap before GC invocations=28 (full 0):
 garbage-first heap   total 132096K, used 107512K [0x0000000080000000, 0x0000000100000000)
  region size 1024K, 37 young (37888K), 5 survivors (5120K)
 Metaspace       used 76975K, committed 77504K, reserved 1179648K
  class space    used 10380K, committed 10624K, reserved 1048576K
}
Event: 4.671 GC heap after
{Heap after GC invocations=29 (full 0):
 garbage-first heap   total 132096K, used 76877K [0x0000000080000000, 0x0000000100000000)
  region size 1024K, 5 young (5120K), 5 survivors (5120K)
 Metaspace       used 76975K, committed 77504K, reserved 1179648K
  class space    used 10380K, committed 10624K, reserved 1048576K
}
Event: 4.897 GC heap before
{Heap before GC invocations=30 (full 0):
 garbage-first heap   total 137216K, used 108621K [0x0000000080000000, 0x0000000100000000)
  region size 1024K, 36 young (36864K), 5 survivors (5120K)
 Metaspace       used 78201K, committed 78848K, reserved 1179648K
  class space    used 10540K, committed 10816K, reserved 1048576K
}
Event: 4.900 GC heap after
{Heap after GC invocations=31 (full 0):
 garbage-first heap   total 137216K, used 79890K [0x0000000080000000, 0x0000000100000000)
  region size 1024K, 5 young (5120K), 5 survivors (5120K)
 Metaspace       used 78201K, committed 78848K, reserved 1179648K
  class space    used 10540K, committed 10816K, reserved 1048576K
}
Event: 5.012 GC heap before
{Heap before GC invocations=31 (full 0):
 garbage-first heap   total 137216K, used 103442K [0x0000000080000000, 0x0000000100000000)
  region size 1024K, 29 young (29696K), 5 survivors (5120K)
 Metaspace       used 80009K, committed 80640K, reserved 1179648K
  class space    used 10796K, committed 11072K, reserved 1048576K
}
Event: 5.015 GC heap after
{Heap after GC invocations=32 (full 0):
 garbage-first heap   total 164864K, used 81554K [0x0000000080000000, 0x0000000100000000)
  region size 1024K, 2 young (2048K), 2 survivors (2048K)
 Metaspace       used 80009K, committed 80640K, reserved 1179648K
  class space    used 10796K, committed 11072K, reserved 1048576K
}

Dll operation events (3 events):
Event: 0.004 Loaded shared library C:\Program Files\Android\Android Studio\jbr\bin\java.dll
Event: 0.082 Loaded shared library C:\Program Files\Android\Android Studio\jbr\bin\zip.dll
Event: 0.215 Loaded shared library C:\Program Files\Android\Android Studio\jbr\bin\verify.dll

Deoptimization events (20 events):
Event: 5.025 Thread 0x0000022f06831610 Uncommon trap: trap_request=0xffffff54 fr.pc=0x0000022f77781a10 relative=0x0000000000000370
Event: 5.025 Thread 0x0000022f06831610 Uncommon trap: reason=speculate_null_assert action=make_not_entrant pc=0x0000022f77781a10 method=jdk.internal.reflect.Reflection.filter([Ljava/lang/reflect/Member;Ljava/util/Set;)[Ljava/lang/reflect/Member; @ 1 c2
Event: 5.025 Thread 0x0000022f06831610 DEOPT PACKING pc=0x0000022f77781a10 sp=0x000000d4227f6750
Event: 5.025 Thread 0x0000022f06831610 DEOPT UNPACKING pc=0x0000022f76e969a3 sp=0x000000d4227f6610 mode 2
Event: 5.061 Thread 0x0000022f06831610 Uncommon trap: trap_request=0xffffff45 fr.pc=0x0000022f77644cdc relative=0x000000000000059c
Event: 5.061 Thread 0x0000022f06831610 Uncommon trap: reason=unstable_if action=reinterpret pc=0x0000022f77644cdc method=java.lang.AbstractStringBuilder.appendChars(Ljava/lang/String;II)V @ 11 c2
Event: 5.061 Thread 0x0000022f06831610 DEOPT PACKING pc=0x0000022f77644cdc sp=0x000000d4227f72a0
Event: 5.061 Thread 0x0000022f06831610 DEOPT UNPACKING pc=0x0000022f76e969a3 sp=0x000000d4227f71e0 mode 2
Event: 5.061 Thread 0x0000022f06831610 Uncommon trap: trap_request=0xffffff45 fr.pc=0x0000022f77644394 relative=0x0000000000000174
Event: 5.061 Thread 0x0000022f06831610 Uncommon trap: reason=unstable_if action=reinterpret pc=0x0000022f77644394 method=java.lang.AbstractStringBuilder.appendChars(Ljava/lang/String;II)V @ 11 c2
Event: 5.061 Thread 0x0000022f06831610 DEOPT PACKING pc=0x0000022f77644394 sp=0x000000d4227f7220
Event: 5.061 Thread 0x0000022f06831610 DEOPT UNPACKING pc=0x0000022f76e969a3 sp=0x000000d4227f71d0 mode 2
Event: 5.061 Thread 0x0000022f06831610 Uncommon trap: trap_request=0xffffff45 fr.pc=0x0000022f774362d0 relative=0x0000000000000510
Event: 5.061 Thread 0x0000022f06831610 Uncommon trap: reason=unstable_if action=reinterpret pc=0x0000022f774362d0 method=java.lang.AbstractStringBuilder.putStringAt(ILjava/lang/String;II)V @ 8 c2
Event: 5.061 Thread 0x0000022f06831610 DEOPT PACKING pc=0x0000022f774362d0 sp=0x000000d4227f7300
Event: 5.061 Thread 0x0000022f06831610 DEOPT UNPACKING pc=0x0000022f76e969a3 sp=0x000000d4227f71e0 mode 2
Event: 5.061 Thread 0x0000022f06831610 Uncommon trap: trap_request=0xffffff45 fr.pc=0x0000022f77436dd4 relative=0x0000000000000134
Event: 5.061 Thread 0x0000022f06831610 Uncommon trap: reason=unstable_if action=reinterpret pc=0x0000022f77436dd4 method=java.lang.AbstractStringBuilder.putStringAt(ILjava/lang/String;II)V @ 8 c2
Event: 5.061 Thread 0x0000022f06831610 DEOPT PACKING pc=0x0000022f77436dd4 sp=0x000000d4227f7280
Event: 5.061 Thread 0x0000022f06831610 DEOPT UNPACKING pc=0x0000022f76e969a3 sp=0x000000d4227f71c8 mode 2

Classes unloaded (0 events):
No events

Classes redefined (0 events):
No events

Internal exceptions (20 events):
Event: 4.191 Thread 0x0000022f06831610 Exception <a 'java/lang/NoSuchMethodError'{0x000000008ca828f8}: static Lorg/jetbrains/kotlin/gradle/plugin/internal/DefaultKotlinTestReportCompatibilityHelperVariantFactory;.<clinit>()V> (0x000000008ca828f8) 
thrown [s\src\hotspot\share\prims\jni.cpp, line 1108]
Event: 4.192 Thread 0x0000022f06831610 Exception <a 'java/lang/NoSuchMethodError'{0x000000008ca9ebc8}: static Lorg/jetbrains/kotlin/gradle/plugin/internal/DefaultMppTestReportHelperVariantFactory;.<clinit>()V> (0x000000008ca9ebc8) 
thrown [s\src\hotspot\share\prims\jni.cpp, line 1108]
Event: 4.193 Thread 0x0000022f06831610 Exception <a 'java/lang/NoSuchMethodError'{0x000000008cac3e78}: static Lorg/jetbrains/kotlin/gradle/plugin/internal/DefaultConfigurationCacheStartParameterAccessorVariantFactory;.<clinit>()V> (0x000000008cac3e78) 
thrown [s\src\hotspot\share\prims\jni.cpp, line 1108]
Event: 4.194 Thread 0x0000022f06831610 Exception <a 'java/lang/NoSuchMethodError'{0x000000008cae0dc8}: static Lorg/jetbrains/kotlin/gradle/plugin/internal/MavenPluginConfigurator$DefaultMavenPluginConfiguratorVariantFactory;.<clinit>()V> (0x000000008cae0dc8) 
thrown [s\src\hotspot\share\prims\jni.cpp, line 1108]
Event: 4.195 Thread 0x0000022f06831610 Exception <a 'java/lang/NoSuchMethodError'{0x000000008cafc200}: static Lorg/jetbrains/kotlin/gradle/targets/js/nodejs/DefaultUnameExecutorVariantFactory;.<clinit>()V> (0x000000008cafc200) 
thrown [s\src\hotspot\share\prims\jni.cpp, line 1108]
Event: 4.196 Thread 0x0000022f06831610 Exception <a 'java/lang/NoSuchMethodError'{0x000000008c918620}: static Lorg/jetbrains/kotlin/gradle/plugin/internal/DefaultBasePluginConfigurationVariantFactory;.<clinit>()V> (0x000000008c918620) 
thrown [s\src\hotspot\share\prims\jni.cpp, line 1108]
Event: 4.196 Thread 0x0000022f06831610 Exception <a 'java/lang/NoSuchMethodError'{0x000000008c920968}: 'void java.lang.invoke.DirectMethodHandle$Holder.invokeSpecial(java.lang.Object, java.lang.Object, java.lang.Object, int)'> (0x000000008c920968) 
thrown [s\src\hotspot\share\interpreter\linkResolver.cpp, line 771]
Event: 4.667 Thread 0x0000022f06831610 Exception <a 'java/lang/ClassNotFoundException'{0x00000000861e4c80}: org/jetbrains/kotlin/gradle/targets/js/npm/DefaultNpmDependencyExtensionBeanInfo> (0x00000000861e4c80) 
thrown [s\src\hotspot\share\classfile\systemDictionary.cpp, line 256]
Event: 4.668 Thread 0x0000022f06831610 Exception <a 'java/lang/ClassNotFoundException'{0x00000000861f04a0}: org/jetbrains/kotlin/gradle/targets/js/npm/DefaultNpmDependencyExtensionCustomizer> (0x00000000861f04a0) 
thrown [s\src\hotspot\share\classfile\systemDictionary.cpp, line 256]
Event: 4.675 Thread 0x0000022f06831610 Exception <a 'java/lang/ClassNotFoundException'{0x000000008ff7a388}: org/jetbrains/kotlin/gradle/targets/js/npm/NpmDependencyExtensionKt$defaultNpmDependencyDelegate$1BeanInfo> (0x000000008ff7a388) 
thrown [s\src\hotspot\share\classfile\systemDictionary.cpp, line 256]
Event: 4.675 Thread 0x0000022f06831610 Exception <a 'java/lang/ClassNotFoundException'{0x000000008ff85e40}: org/jetbrains/kotlin/gradle/targets/js/npm/NpmDependencyExtensionDelegateBeanInfo> (0x000000008ff85e40) 
thrown [s\src\hotspot\share\classfile\systemDictionary.cpp, line 256]
Event: 4.675 Thread 0x0000022f06831610 Exception <a 'java/lang/ClassNotFoundException'{0x000000008ff91670}: org/jetbrains/kotlin/gradle/targets/js/npm/NpmDependencyExtensionDelegateCustomizer> (0x000000008ff91670) 
thrown [s\src\hotspot\share\classfile\systemDictionary.cpp, line 256]
Event: 4.676 Thread 0x0000022f06831610 Exception <a 'java/lang/ClassNotFoundException'{0x000000008ffb2540}: org/jetbrains/kotlin/gradle/targets/js/npm/NpmDependencyExtensionKt$defaultNpmDependencyDelegate$1Customizer> (0x000000008ffb2540) 
thrown [s\src\hotspot\share\classfile\systemDictionary.cpp, line 256]
Event: 4.679 Thread 0x0000022f06831610 Exception <a 'java/lang/ClassNotFoundException'{0x000000008fff2000}: org/jetbrains/kotlin/gradle/targets/js/npm/DefaultDevNpmDependencyExtensionBeanInfo> (0x000000008fff2000) 
thrown [s\src\hotspot\share\classfile\systemDictionary.cpp, line 256]
Event: 4.679 Thread 0x0000022f06831610 Exception <a 'java/lang/ClassNotFoundException'{0x000000008fffd838}: org/jetbrains/kotlin/gradle/targets/js/npm/DefaultDevNpmDependencyExtensionCustomizer> (0x000000008fffd838) 
thrown [s\src\hotspot\share\classfile\systemDictionary.cpp, line 256]
Event: 4.682 Thread 0x0000022f06831610 Exception <a 'java/lang/ClassNotFoundException'{0x000000008d040208}: org/jetbrains/kotlin/gradle/targets/js/npm/DefaultPeerNpmDependencyExtensionBeanInfo> (0x000000008d040208) 
thrown [s\src\hotspot\share\classfile\systemDictionary.cpp, line 256]
Event: 4.682 Thread 0x0000022f06831610 Exception <a 'java/lang/ClassNotFoundException'{0x000000008d04ba70}: org/jetbrains/kotlin/gradle/targets/js/npm/DefaultPeerNpmDependencyExtensionCustomizer> (0x000000008d04ba70) 
thrown [s\src\hotspot\share\classfile\systemDictionary.cpp, line 256]
Event: 4.685 Thread 0x0000022f06831610 Exception <a 'java/lang/ClassNotFoundException'{0x000000008d09c868}: org/jetbrains/kotlin/gradle/targets/js/npm/DefaultPeerNpmDependencyExtension$delegate$1BeanInfo> (0x000000008d09c868) 
thrown [s\src\hotspot\share\classfile\systemDictionary.cpp, line 256]
Event: 4.685 Thread 0x0000022f06831610 Exception <a 'java/lang/ClassNotFoundException'{0x000000008d0a82b8}: org/jetbrains/kotlin/gradle/targets/js/npm/DefaultPeerNpmDependencyExtension$delegate$1Customizer> (0x000000008d0a82b8) 
thrown [s\src\hotspot\share\classfile\systemDictionary.cpp, line 256]
Event: 4.691 Thread 0x0000022f06831610 Exception <a 'java/lang/NoSuchMethodError'{0x000000008cf49748}: static Lorg/jetbrains/kotlin/gradle/plugin/internal/DefaultIdeaSyncDetector$createIdeaPropertiesEvaluator$1;.<clinit>()V> (0x000000008cf49748) 
thrown [s\src\hotspot\share\prims\jni.cpp, line 1108]

VM Operations (20 events):
Event: 4.668 Executing VM operation: G1CollectForAllocation
Event: 4.671 Executing VM operation: G1CollectForAllocation done
Event: 4.698 Executing VM operation: G1Concurrent
Event: 4.701 Executing VM operation: G1Concurrent done
Event: 4.716 Executing VM operation: G1Concurrent
Event: 4.716 Executing VM operation: G1Concurrent done
Event: 4.888 Executing VM operation: ICBufferFull
Event: 4.888 Executing VM operation: ICBufferFull done
Event: 4.897 Executing VM operation: G1CollectForAllocation
Event: 4.901 Executing VM operation: G1CollectForAllocation done
Event: 4.911 Executing VM operation: HandshakeAllThreads
Event: 4.911 Executing VM operation: HandshakeAllThreads done
Event: 5.012 Executing VM operation: G1TryInitiateConcMark
Event: 5.015 Executing VM operation: G1TryInitiateConcMark done
Event: 5.035 Executing VM operation: HandshakeAllThreads
Event: 5.035 Executing VM operation: HandshakeAllThreads done
Event: 5.041 Executing VM operation: G1Concurrent
Event: 5.046 Executing VM operation: G1Concurrent done
Event: 5.062 Executing VM operation: G1Concurrent
Event: 5.062 Executing VM operation: G1Concurrent done

Events (20 events):
Event: 4.239 loading class com/sun/jmx/mbeanserver/StandardMBeanSupport
Event: 4.239 loading class com/sun/jmx/mbeanserver/StandardMBeanSupport done
Event: 4.239 loading class com/sun/jmx/mbeanserver/StandardMBeanIntrospector
Event: 4.239 loading class com/sun/jmx/mbeanserver/StandardMBeanIntrospector done
Event: 4.242 Thread 0x0000022f122f3330 Thread added: 0x0000022f122f3330
Event: 4.266 loading class java/nio/channels/Channels$1
Event: 4.266 loading class java/nio/channels/Channels$1 done
Event: 4.498 loading class java/util/ArrayList$SubList$1
Event: 4.498 loading class java/util/ArrayList$SubList$1 done
Event: 4.994 loading class jdk/internal/access/foreign/MemorySegmentProxy
Event: 4.994 loading class jdk/internal/access/foreign/MemorySegmentProxy done
Event: 5.019 loading class sun/reflect/generics/repository/FieldRepository
Event: 5.019 loading class sun/reflect/generics/repository/FieldRepository done
Event: 5.025 loading class jdk/internal/vm/annotation/ForceInline
Event: 5.025 loading class jdk/internal/vm/annotation/ForceInline done
Event: 5.039 Thread 0x0000022f06508340 flushing nmethod 0x0000022f6fefc010
Event: 5.040 Thread 0x0000022f06508340 flushing nmethod 0x0000022f7018ba10
Event: 5.040 Thread 0x0000022f06508340 flushing nmethod 0x0000022f701a9510
Event: 5.061 loading class java/util/regex/Pattern$Caret
Event: 5.061 loading class java/util/regex/Pattern$Caret done


Dynamic libraries:
0x00007ff7b4970000 - 0x00007ff7b497a000 	C:\Program Files\Android\Android Studio\jbr\bin\java.exe
0x00007ff800c80000 - 0x00007ff800e6e000 	C:\Windows\SYSTEM32\ntdll.dll
0x00007ff800b60000 - 0x00007ff800c13000 	C:\Windows\System32\KERNEL32.DLL
0x00007ffffcca0000 - 0x00007ffffcf3d000 	C:\Windows\System32\KERNELBASE.dll
0x00007ffffd770000 - 0x00007ffffd86a000 	C:\Windows\System32\ucrtbase.dll
0x00007ffff5ef0000 - 0x00007ffff5f07000 	C:\Program Files\Android\Android Studio\jbr\bin\jli.dll
0x00007fffeadf0000 - 0x00007fffeae0b000 	C:\Program Files\Android\Android Studio\jbr\bin\VCRUNTIME140.dll
0x00007ff800610000 - 0x00007ff8007a7000 	C:\Windows\System32\USER32.dll
0x00007fffe55a0000 - 0x00007fffe5819000 	C:\Windows\WinSxS\amd64_microsoft.windows.common-controls_6595b64144ccf1df_6.0.17763.6054_none_de72924a534a146d\COMCTL32.dll
0x00007ffffd6b0000 - 0x00007ffffd6d0000 	C:\Windows\System32\win32u.dll
0x00007fffffa90000 - 0x00007fffffb2e000 	C:\Windows\System32\msvcrt.dll
0x00007ffffe150000 - 0x00007ffffe179000 	C:\Windows\System32\GDI32.dll
0x00007fffffcc0000 - 0x00007ffffffea000 	C:\Windows\System32\combase.dll
0x00007ffffd980000 - 0x00007ffffdb28000 	C:\Windows\System32\gdi32full.dll
0x00007ff8007b0000 - 0x00007ff8008c8000 	C:\Windows\System32\RPCRT4.dll
0x00007ffffd6d0000 - 0x00007ffffd770000 	C:\Windows\System32\msvcp_win.dll
0x00007ffffd8f0000 - 0x00007ffffd972000 	C:\Windows\System32\bcryptPrimitives.dll
0x00007ff800ac0000 - 0x00007ff800aee000 	C:\Windows\System32\IMM32.DLL
0x00007ffff2fb0000 - 0x00007ffff2fbc000 	C:\Program Files\Android\Android Studio\jbr\bin\vcruntime140_1.dll
0x00007fffc3970000 - 0x00007fffc39fd000 	C:\Program Files\Android\Android Studio\jbr\bin\msvcp140.dll
0x00007fffa1820000 - 0x00007fffa24a0000 	C:\Program Files\Android\Android Studio\jbr\bin\server\jvm.dll
0x00007ffffde70000 - 0x00007ffffdf18000 	C:\Windows\System32\ADVAPI32.dll
0x00007ffffe260000 - 0x00007ffffe302000 	C:\Windows\System32\sechost.dll
0x00007ffffd870000 - 0x00007ffffd896000 	C:\Windows\System32\bcrypt.dll
0x00007fffe8d40000 - 0x00007fffe8d49000 	C:\Windows\SYSTEM32\WSOCK32.dll
0x00007ffff9500000 - 0x00007ffff9524000 	C:\Windows\SYSTEM32\WINMM.dll
0x00007ffff78c0000 - 0x00007ffff78ca000 	C:\Windows\SYSTEM32\VERSION.dll
0x00007fffffa20000 - 0x00007fffffa8d000 	C:\Windows\System32\WS2_32.dll
0x00007ffff94d0000 - 0x00007ffff94fd000 	C:\Windows\SYSTEM32\WINMMBASE.dll
0x00007ffffd8a0000 - 0x00007ffffd8ea000 	C:\Windows\System32\cfgmgr32.dll
0x00007ffffcc50000 - 0x00007ffffcc61000 	C:\Windows\System32\kernel.appcore.dll
0x00007ffff9a80000 - 0x00007ffff9a8a000 	C:\Program Files\Android\Android Studio\jbr\bin\jimage.dll
0x00007fffe7e10000 - 0x00007fffe7ffd000 	C:\Windows\SYSTEM32\DBGHELP.DLL
0x00007fffe7860000 - 0x00007fffe788a000 	C:\Windows\SYSTEM32\dbgcore.DLL
0x00007ffff6470000 - 0x00007ffff647e000 	C:\Program Files\Android\Android Studio\jbr\bin\instrument.dll
0x00007ffff8fa0000 - 0x00007ffff8fc5000 	C:\Program Files\Android\Android Studio\jbr\bin\java.dll
0x00007ffff8ab0000 - 0x00007ffff8ac8000 	C:\Program Files\Android\Android Studio\jbr\bin\zip.dll
0x00007ffffe520000 - 0x00007fffffa18000 	C:\Windows\System32\SHELL32.dll
0x00007ff800a10000 - 0x00007ff800ab7000 	C:\Windows\System32\shcore.dll
0x00007ffffcf40000 - 0x00007ffffd688000 	C:\Windows\System32\windows.storage.dll
0x00007ffffcc70000 - 0x00007ffffcc93000 	C:\Windows\System32\profapi.dll
0x00007ffffcbd0000 - 0x00007ffffcc2d000 	C:\Windows\System32\powrprof.dll
0x00007fffffc60000 - 0x00007fffffcb2000 	C:\Windows\System32\shlwapi.dll
0x00007ffffd690000 - 0x00007ffffd6ab000 	C:\Windows\System32\cryptsp.dll
0x00007ffff78e0000 - 0x00007ffff78f9000 	C:\Program Files\Android\Android Studio\jbr\bin\net.dll
0x00007ffff9ca0000 - 0x00007ffff9d9d000 	C:\Windows\SYSTEM32\WINHTTP.dll
0x00007ffffc430000 - 0x00007ffffc497000 	C:\Windows\system32\mswsock.dll
0x00007ffff7790000 - 0x00007ffff77a6000 	C:\Program Files\Android\Android Studio\jbr\bin\nio.dll
0x00007ffff76e0000 - 0x00007ffff76f0000 	C:\Program Files\Android\Android Studio\jbr\bin\verify.dll
0x00007ffff5520000 - 0x00007ffff5547000 	C:\Users\pr111gorohova.OAT\.gradle\native\68d5fa5c4cc2d200863cafc0d521ce42e7d3e7ee720ec0a83991735586a16f82\windows-amd64\native-platform.dll
0x00007fffa3350000 - 0x00007fffa3494000 	C:\Users\pr111gorohova.OAT\.gradle\native\e376f236ea51e6404a007f0833ffe2c6e607c4080706a723a18a27aeea778392\windows-amd64\native-platform-file-events.dll
0x00007ffff65c0000 - 0x00007ffff65c9000 	C:\Program Files\Android\Android Studio\jbr\bin\management.dll
0x00007ffff65b0000 - 0x00007ffff65bb000 	C:\Program Files\Android\Android Studio\jbr\bin\management_ext.dll
0x00007ff8008d0000 - 0x00007ff8008d8000 	C:\Windows\System32\PSAPI.DLL
0x00007ffffbf90000 - 0x00007ffffbfc3000 	C:\Windows\system32\rsaenh.dll
0x00007ffffcae0000 - 0x00007ffffcb09000 	C:\Windows\SYSTEM32\USERENV.dll
0x00007ffffc600000 - 0x00007ffffc60c000 	C:\Windows\SYSTEM32\CRYPTBASE.dll
0x00007ffffc120000 - 0x00007ffffc15d000 	C:\Windows\SYSTEM32\IPHLPAPI.DLL
0x00007ff800af0000 - 0x00007ff800af8000 	C:\Windows\System32\NSI.dll
0x00007ffffa1c0000 - 0x00007ffffa1d6000 	C:\Windows\SYSTEM32\dhcpcsvc6.DLL
0x00007ffffa190000 - 0x00007ffffa1ac000 	C:\Windows\SYSTEM32\dhcpcsvc.DLL
0x00007ffffc160000 - 0x00007ffffc226000 	C:\Windows\SYSTEM32\DNSAPI.dll
0x00007ffff8f90000 - 0x00007ffff8f97000 	C:\Windows\system32\wshunix.dll

dbghelp: loaded successfully - version: 4.0.5 - missing functions: none
symbol engine: initialized successfully - sym options: 0x614 - pdb path: .;C:\Program Files\Android\Android Studio\jbr\bin;C:\Windows\SYSTEM32;C:\Windows\WinSxS\amd64_microsoft.windows.common-controls_6595b64144ccf1df_6.0.17763.6054_none_de72924a534a146d;C:\Program Files\Android\Android Studio\jbr\bin\server;C:\Users\pr111gorohova.OAT\.gradle\native\68d5fa5c4cc2d200863cafc0d521ce42e7d3e7ee720ec0a83991735586a16f82\windows-amd64;C:\Users\pr111gorohova.OAT\.gradle\native\e376f236ea51e6404a007f0833ffe2c6e607c4080706a723a18a27aeea778392\windows-amd64

VM Arguments:
jvm_args: --add-opens=java.base/java.util=ALL-UNNAMED --add-opens=java.base/java.lang=ALL-UNNAMED --add-opens=java.base/java.lang.invoke=ALL-UNNAMED --add-opens=java.prefs/java.util.prefs=ALL-UNNAMED --add-opens=java.base/java.nio.charset=ALL-UNNAMED --add-opens=java.base/java.net=ALL-UNNAMED --add-opens=java.base/java.util.concurrent.atomic=ALL-UNNAMED -Xmx2048m -Dfile.encoding=UTF-8 -Duser.country=RU -Duser.language=ru -Duser.variant -javaagent:C:\Users\pr111gorohova.OAT\.gradle\wrapper\dists\gradle-8.2-bin\bbg7u40eoinfdyxsxr3z4i7ta\gradle-8.2\lib\agents\gradle-instrumentation-agent-8.2.jar 
java_command: org.gradle.launcher.daemon.bootstrap.GradleDaemon 8.2
java_class_path (initial): C:\Users\pr111gorohova.OAT\.gradle\wrapper\dists\gradle-8.2-bin\bbg7u40eoinfdyxsxr3z4i7ta\gradle-8.2\lib\gradle-launcher-8.2.jar
Launcher Type: SUN_STANDARD

[Global flags]
     intx CICompilerCount                          = 4                                         {product} {ergonomic}
     uint ConcGCThreads                            = 2                                         {product} {ergonomic}
     uint G1ConcRefinementThreads                  = 8                                         {product} {ergonomic}
   size_t G1HeapRegionSize                         = 1048576                                   {product} {ergonomic}
    uintx GCDrainStackTargetSize                   = 64                                        {product} {ergonomic}
   size_t InitialHeapSize                          = 268435456                                 {product} {ergonomic}
   size_t MarkStackSize                            = 4194304                                   {product} {ergonomic}
   size_t MaxHeapSize                              = 2147483648                                {product} {command line}
   size_t MaxNewSize                               = 1287651328                                {product} {ergonomic}
   size_t MinHeapDeltaBytes                        = 1048576                                   {product} {ergonomic}
   size_t MinHeapSize                              = 8388608                                   {product} {ergonomic}
    uintx NonNMethodCodeHeapSize                   = 5839372                                {pd product} {ergonomic}
    uintx NonProfiledCodeHeapSize                  = 122909434                              {pd product} {ergonomic}
    uintx ProfiledCodeHeapSize                     = 122909434                              {pd product} {ergonomic}
    uintx ReservedCodeCacheSize                    = 251658240                              {pd product} {ergonomic}
     bool SegmentedCodeCache                       = true                                      {product} {ergonomic}
   size_t SoftMaxHeapSize                          = 2147483648                             {manageable} {ergonomic}
     bool UseCompressedClassPointers               = true                           {product lp64_product} {ergonomic}
     bool UseCompressedOops                        = true                           {product lp64_product} {ergonomic}
     bool UseG1GC                                  = true                                      {product} {ergonomic}
     bool UseLargePagesIndividualAllocation        = false                                  {pd product} {ergonomic}

Logging:
Log output configuration:
 #0: stdout all=warning uptime,level,tags
 #1: stderr all=off uptime,level,tags

Environment Variables:
JAVA_HOME=C:\Program Files\Android\Jdk\microsoft_dist_openjdk_1.8.0.25
PATH=C:\Program Files\Python312\Scripts\;C:\Program Files\Python312\;C:\Program Files\Python311\Scripts\;C:\Program Files\Python311\;C:\Program Files\Common Files\Oracle\Java\javapath;C:\Program Files (x86)\Python38\Scripts\;C:\Program Files (x86)\Python38\;C:\Program Files\Microsoft MPI\Bin\;C:\Windows\system32;C:\Windows;C:\Windows\System32\Wbem;C:\Windows\System32\WindowsPowerShell\v1.0\;C:\Windows\System32\OpenSSH\;C:\Program Files (x86)\Microsoft SQL Server\150\DTS\Binn\;C:\Program Files\dotnet\;C:\Program Files\Microsoft SQL Server\130\Tools\Binn\;C:\Program Files (x86)\Microsoft SQL Server\140\Tools\Binn\;C:\Program Files\Microsoft SQL Server\140\Tools\Binn\;C:\Program Files (x86)\Microsoft SQL Server\140\DTS\Binn\;C:\Program Files\Microsoft SQL Server\140\DTS\Binn\;C:\Program Files\Microsoft SQL Server\Client SDK\ODBC\130\Tools\Binn\;C:\Program Files\Microsoft SQL Server\Client SDK\ODBC\170\Tools\Binn\;C:\Program Files (x86)\IncrediBuild;C:\Program Files (x86)\NVIDIA Corporation\PhysX\Common;C:\Program Files\Git\cmd;C:\Program Files\Azure Data Studio\bin;C:\Program Files\Microsoft VS Code\bin;C:\Program Files (x86)\Kaspersky Lab\KES.12.2.0\;C:\Users\pr111gorohova.OAT\AppData\Local\Microsoft\WindowsApps;
USERNAME=pr111gorohova
OS=Windows_NT
PROCESSOR_IDENTIFIER=Intel64 Family 6 Model 158 Stepping 13, GenuineIntel
TMP=C:\Users\pr111gorohova.OAT\AppData\Local\Temp
TEMP=C:\Users\pr111gorohova.OAT\AppData\Local\Temp


JNI global refs:
JNI global refs: 30, weak refs: 1

JNI global refs memory usage: 843, weak refs: 841

OOME stack traces (most recent first):
Classloader memory used:
