#
# There is insufficient memory for the Java Runtime Environment to continue.
# Native memory allocation (mmap) failed to map 98566144 bytes for G1 virtual space
# Possible reasons:
#   The system is out of physical RAM or swap space
#   The process is running with CompressedOops enabled, and the Java Heap may be blocking the growth of the native heap
# Possible solutions:
#   Reduce memory load on the system
#   Increase physical memory or swap space
#   Check if swap backing store is full
#   Decrease Java heap size (-Xmx/-Xms)
#   Decrease number of Java threads
#   Decrease Java thread stack sizes (-Xss)
#   Set larger code cache with -XX:ReservedCodeCacheSize=
#   JVM is running with Unscaled Compressed Oops mode in which the Java heap is
#     placed in the first 4GB address space. The Java Heap base address is the
#     maximum limit for the native heap growth. Please use -XX:HeapBaseMinAddress
#     to set the Java Heap base and to place the Java Heap above 4GB virtual address.
# This output file may be truncated or incomplete.
#
#  Out of Memory Error (os_windows.cpp:3771), pid=12328, tid=14584
#
# JRE version: OpenJDK Runtime Environment (17.0.7) (build 17.0.7+0-b2043.56-10550314)
# Java VM: OpenJDK 64-Bit Server VM (17.0.7+0-b2043.56-10550314, mixed mode, tiered, compressed oops, compressed class ptrs, g1 gc, windows-amd64)
# No core dump will be written. Minidumps are not enabled by default on client versions of Windows
#

---------------  S U M M A R Y ------------

Command Line: --add-opens=java.base/java.util=ALL-UNNAMED --add-opens=java.base/java.lang=ALL-UNNAMED --add-opens=java.base/java.lang.invoke=ALL-UNNAMED --add-opens=java.prefs/java.util.prefs=ALL-UNNAMED --add-opens=java.base/java.nio.charset=ALL-UNNAMED --add-opens=java.base/java.net=ALL-UNNAMED --add-opens=java.base/java.util.concurrent.atomic=ALL-UNNAMED -Xmx2048m -Dfile.encoding=UTF-8 -Duser.country=RU -Duser.language=ru -Duser.variant -javaagent:C:\Users\pr111gorohova.OAT\.gradle\wrapper\dists\gradle-8.2-bin\bbg7u40eoinfdyxsxr3z4i7ta\gradle-8.2\lib\agents\gradle-instrumentation-agent-8.2.jar org.gradle.launcher.daemon.bootstrap.GradleDaemon 8.2

Host: Intel(R) Core(TM) i7-9700 CPU @ 3.00GHz, 8 cores, 15G,  Windows 10 , 64 bit Build 17763 (10.0.17763.4974)
Time: Mon Nov 18 16:12:32 2024 ќмское стандартное врем€ elapsed time: 3.892050 seconds (0d 0h 0m 3s)

---------------  T H R E A D  ---------------

Current thread (0x000002531e21dbe0):  VMThread "VM Thread" [stack: 0x000000b05a500000,0x000000b05a600000] [id=14584]

Stack: [0x000000b05a500000,0x000000b05a600000]
Native frames: (J=compiled Java code, j=interpreted, Vv=VM code, C=native code)
V  [jvm.dll+0x683bfa]
V  [jvm.dll+0x8430a4]
V  [jvm.dll+0x8449be]
V  [jvm.dll+0x845023]
V  [jvm.dll+0x24ad2f]
V  [jvm.dll+0x680ac9]
V  [jvm.dll+0x67519a]
V  [jvm.dll+0x30b3cb]
V  [jvm.dll+0x312876]
V  [jvm.dll+0x36221e]
V  [jvm.dll+0x36244f]
V  [jvm.dll+0x2e14a8]
V  [jvm.dll+0x2df684]
V  [jvm.dll+0x2dec8c]
V  [jvm.dll+0x32382b]
V  [jvm.dll+0x8496eb]
V  [jvm.dll+0x84a424]
V  [jvm.dll+0x84a93d]
V  [jvm.dll+0x84ad14]
V  [jvm.dll+0x84ade0]
V  [jvm.dll+0x7f2aea]
V  [jvm.dll+0x682a35]
C  [ucrtbase.dll+0x2268a]
C  [KERNEL32.DLL+0x17ac4]
C  [ntdll.dll+0x5a8c1]

VM_Operation (0x000000b05bff2160): G1CollectForAllocation, mode: safepoint, requested by thread 0x0000025325330990


---------------  P R O C E S S  ---------------

Threads class SMR info:
_java_thread_list=0x000002532834ec70, length=55, elements={
0x0000025304397770, 0x000002531e38ecf0, 0x000002531e392660, 0x000002531e3f5fb0,
0x000002531e3f99f0, 0x000002531e3fa2b0, 0x000002531e3fab70, 0x000002531e3fcd40,
0x000002531e3fdc70, 0x000002531e417120, 0x000002531e1e5c40, 0x000002531e640cc0,
0x0000025323082910, 0x0000025323081100, 0x00000253247ecf10, 0x00000253253e66f0,
0x0000025324433140, 0x0000025324415ee0, 0x00000253241bcbb0, 0x000002532580d440,
0x0000025325330990, 0x00000253253fa4b0, 0x00000253254ea9e0, 0x00000253254ea040,
0x00000253254ec1f0, 0x00000253254ecb90, 0x00000253254ea510, 0x00000253254ed060,
0x00000253254ebd20, 0x00000253254ec6c0, 0x00000253254ed530, 0x00000253254eda00,
0x00000253254eb850, 0x0000025326527ed0, 0x0000025326527530, 0x000002532652a550,
0x000002532652aa20, 0x0000025326529bb0, 0x0000025326527060, 0x0000025326527a00,
0x0000025325f6b640, 0x0000025325f65130, 0x0000025325f66940, 0x0000025325f64790,
0x0000025325f65ad0, 0x0000025325f642c0, 0x0000025325f6bb10, 0x0000025325f68fc0,
0x0000025325f64c60, 0x0000025325f69490, 0x0000025325f65fa0, 0x0000025325f66470,
0x0000025325f66e10, 0x0000025325f677b0, 0x0000025325f68150
}

Java Threads: ( => current thread )
  0x0000025304397770 JavaThread "main" [_thread_blocked, id=2320, stack(0x000000b059f00000,0x000000b05a000000)]
  0x000002531e38ecf0 JavaThread "Reference Handler" daemon [_thread_blocked, id=14524, stack(0x000000b05a600000,0x000000b05a700000)]
  0x000002531e392660 JavaThread "Finalizer" daemon [_thread_blocked, id=11144, stack(0x000000b05a700000,0x000000b05a800000)]
  0x000002531e3f5fb0 JavaThread "Signal Dispatcher" daemon [_thread_blocked, id=5192, stack(0x000000b05a800000,0x000000b05a900000)]
  0x000002531e3f99f0 JavaThread "Attach Listener" daemon [_thread_blocked, id=4316, stack(0x000000b05a900000,0x000000b05aa00000)]
  0x000002531e3fa2b0 JavaThread "Service Thread" daemon [_thread_blocked, id=4840, stack(0x000000b05aa00000,0x000000b05ab00000)]
  0x000002531e3fab70 JavaThread "Monitor Deflation Thread" daemon [_thread_blocked, id=4024, stack(0x000000b05ab00000,0x000000b05ac00000)]
  0x000002531e3fcd40 JavaThread "C2 CompilerThread0" daemon [_thread_blocked, id=11640, stack(0x000000b05ac00000,0x000000b05ad00000)]
  0x000002531e3fdc70 JavaThread "C1 CompilerThread0" daemon [_thread_blocked, id=10536, stack(0x000000b05ad00000,0x000000b05ae00000)]
  0x000002531e417120 JavaThread "Sweeper thread" daemon [_thread_blocked, id=5964, stack(0x000000b05ae00000,0x000000b05af00000)]
  0x000002531e1e5c40 JavaThread "Common-Cleaner" daemon [_thread_blocked, id=11108, stack(0x000000b05af00000,0x000000b05b000000)]
  0x000002531e640cc0 JavaThread "Notification Thread" daemon [_thread_blocked, id=12908, stack(0x000000b05b000000,0x000000b05b100000)]
  0x0000025323082910 JavaThread "C2 CompilerThread1" daemon [_thread_in_native, id=5076, stack(0x000000b05b200000,0x000000b05b300000)]
  0x0000025323081100 JavaThread "C2 CompilerThread2" daemon [_thread_in_native, id=13012, stack(0x000000b05b300000,0x000000b05b400000)]
  0x00000253247ecf10 JavaThread "Daemon health stats" [_thread_blocked, id=13688, stack(0x000000b05b900000,0x000000b05ba00000)]
  0x00000253253e66f0 JavaThread "Incoming local TCP Connector on port 54542" [_thread_in_native, id=15232, stack(0x000000b05ba00000,0x000000b05bb00000)]
  0x0000025324433140 JavaThread "Daemon periodic checks" [_thread_blocked, id=5268, stack(0x000000b05bb00000,0x000000b05bc00000)]
  0x0000025324415ee0 JavaThread "Daemon" [_thread_blocked, id=780, stack(0x000000b05bc00000,0x000000b05bd00000)]
  0x00000253241bcbb0 JavaThread "Handler for socket connection from /127.0.0.1:54542 to /127.0.0.1:54543" [_thread_in_native, id=8416, stack(0x000000b05bd00000,0x000000b05be00000)]
  0x000002532580d440 JavaThread "Cancel handler" [_thread_blocked, id=9088, stack(0x000000b05be00000,0x000000b05bf00000)]
  0x0000025325330990 JavaThread "Daemon worker" [_thread_blocked, id=12688, stack(0x000000b05bf00000,0x000000b05c000000)]
  0x00000253253fa4b0 JavaThread "Asynchronous log dispatcher for DefaultDaemonConnection: socket connection from /127.0.0.1:54542 to /127.0.0.1:54543" [_thread_blocked, id=8708, stack(0x000000b05c000000,0x000000b05c100000)]
  0x00000253254ea9e0 JavaThread "Stdin handler" [_thread_blocked, id=14060, stack(0x000000b05c100000,0x000000b05c200000)]
  0x00000253254ea040 JavaThread "Daemon client event forwarder" [_thread_blocked, id=10672, stack(0x000000b05c200000,0x000000b05c300000)]
  0x00000253254ec1f0 JavaThread "Cache worker for journal cache (C:\Users\pr111gorohova.OAT\.gradle\caches\journal-1)" [_thread_blocked, id=7756, stack(0x000000b05c600000,0x000000b05c700000)]
  0x00000253254ecb90 JavaThread "File lock request listener" [_thread_in_native, id=8364, stack(0x000000b05c700000,0x000000b05c800000)]
  0x00000253254ea510 JavaThread "Cache worker for file hash cache (C:\Users\pr111gorohova.OAT\.gradle\caches\8.2\fileHashes)" [_thread_blocked, id=11892, stack(0x000000b05c800000,0x000000b05c900000)]
  0x00000253254ed060 JavaThread "File watcher server" daemon [_thread_in_native, id=7620, stack(0x000000b05c900000,0x000000b05ca00000)]
  0x00000253254ebd20 JavaThread "File watcher consumer" daemon [_thread_blocked, id=7616, stack(0x000000b05ca00000,0x000000b05cb00000)]
  0x00000253254ec6c0 JavaThread "Cache worker for checksums cache (C:\Users\pr111gorohova.OAT\AndroidStudioProjects\SmartHouse\.gradle\8.2\checksums)" [_thread_blocked, id=13644, stack(0x000000b05cb00000,0x000000b05cc00000)]
  0x00000253254ed530 JavaThread "Cache worker for cache directory md-rule (C:\Users\pr111gorohova.OAT\.gradle\caches\8.2\md-rule)" [_thread_blocked, id=4176, stack(0x000000b05cc00000,0x000000b05cd00000)]
  0x00000253254eda00 JavaThread "Cache worker for file content cache (C:\Users\pr111gorohova.OAT\.gradle\caches\8.2\fileContent)" [_thread_blocked, id=13804, stack(0x000000b05cd00000,0x000000b05ce00000)]
  0x00000253254eb850 JavaThread "Cache worker for file hash cache (C:\Users\pr111gorohova.OAT\AndroidStudioProjects\SmartHouse\.gradle\8.2\fileHashes)" [_thread_blocked, id=7612, stack(0x000000b05ce00000,0x000000b05cf00000)]
  0x0000025326527ed0 JavaThread "Cache worker for cache directory md-supplier (C:\Users\pr111gorohova.OAT\.gradle\caches\8.2\md-supplier)" [_thread_blocked, id=14268, stack(0x000000b05cf00000,0x000000b05d000000)]
  0x0000025326527530 JavaThread "Cache worker for execution history cache (C:\Users\pr111gorohova.OAT\.gradle\caches\8.2\executionHistory)" [_thread_blocked, id=948, stack(0x000000b05d000000,0x000000b05d100000)]
  0x000002532652a550 JavaThread "jar transforms" [_thread_blocked, id=12216, stack(0x000000b05d100000,0x000000b05d200000)]
  0x000002532652aa20 JavaThread "jar transforms Thread 2" [_thread_blocked, id=12860, stack(0x000000b05d200000,0x000000b05d300000)]
  0x0000025326529bb0 JavaThread "Cache worker for kotlin-dsl (C:\Users\pr111gorohova.OAT\.gradle\caches\8.2\kotlin-dsl)" [_thread_blocked, id=5516, stack(0x000000b05d300000,0x000000b05d400000)]
  0x0000025326527060 JavaThread "jar transforms Thread 3" [_thread_blocked, id=10948, stack(0x000000b05d400000,0x000000b05d500000)]
  0x0000025326527a00 JavaThread "jar transforms Thread 4" [_thread_blocked, id=8976, stack(0x000000b05d500000,0x000000b05d600000)]
  0x0000025325f6b640 JavaThread "jar transforms Thread 5" [_thread_blocked, id=1436, stack(0x000000b05d600000,0x000000b05d700000)]
  0x0000025325f65130 JavaThread "jar transforms Thread 6" [_thread_blocked, id=6852, stack(0x000000b05d700000,0x000000b05d800000)]
  0x0000025325f66940 JavaThread "Cache worker for dependencies-accessors (C:\Users\pr111gorohova.OAT\AndroidStudioProjects\SmartHouse\.gradle\8.2\dependencies-accessors)" [_thread_blocked, id=11028, stack(0x000000b05d800000,0x000000b05d900000)]
  0x0000025325f64790 JavaThread "Cache worker for Build Output Cleanup Cache (C:\Users\pr111gorohova.OAT\AndroidStudioProjects\SmartHouse\.gradle\buildOutputCleanup)" [_thread_blocked, id=11432, stack(0x000000b05d900000,0x000000b05da00000)]
  0x0000025325f65ad0 JavaThread "jar transforms Thread 7" [_thread_blocked, id=1924, stack(0x000000b05da00000,0x000000b05db00000)]
  0x0000025325f642c0 JavaThread "jar transforms Thread 8" [_thread_blocked, id=13132, stack(0x000000b05db00000,0x000000b05dc00000)]
  0x0000025325f6bb10 JavaThread "Unconstrained build operations" [_thread_blocked, id=12460, stack(0x000000b05dc00000,0x000000b05dd00000)]
  0x0000025325f68fc0 JavaThread "Unconstrained build operations Thread 2" [_thread_blocked, id=5520, stack(0x000000b05dd00000,0x000000b05de00000)]
  0x0000025325f64c60 JavaThread "Unconstrained build operations Thread 3" [_thread_blocked, id=12044, stack(0x000000b05de00000,0x000000b05df00000)]
  0x0000025325f69490 JavaThread "Unconstrained build operations Thread 4" [_thread_blocked, id=11620, stack(0x000000b05df00000,0x000000b05e000000)]
  0x0000025325f65fa0 JavaThread "Unconstrained build operations Thread 5" [_thread_blocked, id=5176, stack(0x000000b05e000000,0x000000b05e100000)]
  0x0000025325f66470 JavaThread "Unconstrained build operations Thread 6" [_thread_blocked, id=5272, stack(0x000000b05e100000,0x000000b05e200000)]
  0x0000025325f66e10 JavaThread "Unconstrained build operations Thread 7" [_thread_blocked, id=8572, stack(0x000000b05e200000,0x000000b05e300000)]
  0x0000025325f677b0 JavaThread "build event listener" [_thread_blocked, id=14200, stack(0x000000b05e400000,0x000000b05e500000)]
  0x0000025325f68150 JavaThread "Memory manager" [_thread_blocked, id=14108, stack(0x000000b05e500000,0x000000b05e600000)]

Other Threads:
=>0x000002531e21dbe0 VMThread "VM Thread" [stack: 0x000000b05a500000,0x000000b05a600000] [id=14584]
  0x0000025304398630 WatcherThread [stack: 0x000000b05b100000,0x000000b05b200000] [id=2884]
  0x00000253043f37b0 GCTaskThread "GC Thread#0" [stack: 0x000000b05a000000,0x000000b05a100000] [id=10428]
  0x000002532419f8c0 GCTaskThread "GC Thread#1" [stack: 0x000000b05b400000,0x000000b05b500000] [id=12580]
  0x0000025323aa5db0 GCTaskThread "GC Thread#2" [stack: 0x000000b05b500000,0x000000b05b600000] [id=11112]
  0x0000025324d02cd0 GCTaskThread "GC Thread#3" [stack: 0x000000b05b600000,0x000000b05b700000] [id=7652]
  0x000002532412f100 GCTaskThread "GC Thread#4" [stack: 0x000000b05b700000,0x000000b05b800000] [id=10436]
  0x000002532412f3b0 GCTaskThread "GC Thread#5" [stack: 0x000000b05b800000,0x000000b05b900000] [id=1148]
  0x0000025325099260 GCTaskThread "GC Thread#6" [stack: 0x000000b05c300000,0x000000b05c400000] [id=14656]
  0x0000025325b8b480 GCTaskThread "GC Thread#7" [stack: 0x000000b05c400000,0x000000b05c500000] [id=6892]
  0x0000025304404600 ConcurrentGCThread "G1 Main Marker" [stack: 0x000000b05a100000,0x000000b05a200000] [id=7608]
  0x0000025304404f20 ConcurrentGCThread "G1 Conc#0" [stack: 0x000000b05a200000,0x000000b05a300000] [id=9588]
  0x0000025325ce9810 ConcurrentGCThread "G1 Conc#1" [stack: 0x000000b05c500000,0x000000b05c600000] [id=7420]
  0x000002531e0b2180 ConcurrentGCThread "G1 Refine#0" [stack: 0x000000b05a300000,0x000000b05a400000] [id=12960]
  0x0000025328133060 ConcurrentGCThread "G1 Refine#1" [stack: 0x000000b05e300000,0x000000b05e400000] [id=14828]
  0x000002531e0b39c0 ConcurrentGCThread "G1 Service" [stack: 0x000000b05a400000,0x000000b05a500000] [id=9132]

Threads with active compile tasks:
C2 CompilerThread0     3902 6456 %     4       sun.security.provider.SHA::implCompress0 @ 137 (506 bytes)
C2 CompilerThread1     3902 6419 % !   4       java.util.jar.Attributes::read @ 214 (494 bytes)
C2 CompilerThread2     3902 6262   !   4       com.google.common.reflect.TypeVisitor::visit (244 bytes)

VM state: at safepoint (normal execution)

VM Mutex/Monitor currently owned by a thread:  ([mutex/lock_event])
[0x0000025304392370] Threads_lock - owner thread: 0x000002531e21dbe0
[0x0000025304392a30] Heap_lock - owner thread: 0x0000025325330990

Heap address: 0x0000000080000000, size: 2048 MB, Compressed Oops mode: 32-bit

CDS archive(s) not mapped
Compressed class space mapped at: 0x0000000100000000-0x0000000140000000, reserved size: 1073741824
Narrow klass base: 0x0000000000000000, Narrow klass shift: 3, Narrow klass range: 0x140000000

GC Precious Log:
 CPUs: 8 total, 8 available
 Memory: 16303M
 Large Page Support: Disabled
 NUMA Support: Disabled
 Compressed Oops: Enabled (32-bit)
 Heap Region Size: 1M
 Heap Min Capacity: 8M
 Heap Initial Capacity: 256M
 Heap Max Capacity: 2G
 Pre-touch: Disabled
 Parallel Workers: 8
 Concurrent Workers: 2
 Concurrent Refinement Workers: 8
 Periodic GC: Disabled

Heap:
 garbage-first heap   total 118784K, used 62721K [0x0000000080000000, 0x0000000100000000)
  region size 1024K, 4 young (4096K), 4 survivors (4096K)
 Metaspace       used 65237K, committed 65728K, reserved 1114112K
  class space    used 8748K, committed 8960K, reserved 1048576K

Heap Regions: E=young(eden), S=young(survivor), O=old, HS=humongous(starts), HC=humongous(continues), CS=collection set, F=free, OA=open archive, CA=closed archive, TAMS=top-at-mark-start (previous, next)
|   0|0x0000000080000000, 0x0000000080100000, 0x0000000080100000|100%|HS|  |TAMS 0x0000000080100000, 0x0000000080100000| Complete 
|   1|0x0000000080100000, 0x0000000080200000, 0x0000000080200000|100%|HC|  |TAMS 0x0000000080200000, 0x0000000080200000| Complete 
|   2|0x0000000080200000, 0x0000000080300000, 0x0000000080300000|100%|HC|  |TAMS 0x0000000080300000, 0x0000000080300000| Complete 
|   3|0x0000000080300000, 0x0000000080400000, 0x0000000080400000|100%|HC|  |TAMS 0x0000000080400000, 0x0000000080400000| Complete 
|   4|0x0000000080400000, 0x0000000080500000, 0x0000000080500000|100%| O|  |TAMS 0x0000000080500000, 0x0000000080500000| Untracked 
|   5|0x0000000080500000, 0x0000000080600000, 0x0000000080600000|100%| O|  |TAMS 0x0000000080600000, 0x0000000080600000| Untracked 
|   6|0x0000000080600000, 0x0000000080700000, 0x0000000080700000|100%| O|  |TAMS 0x0000000080700000, 0x0000000080700000| Untracked 
|   7|0x0000000080700000, 0x0000000080800000, 0x0000000080800000|100%| O|  |TAMS 0x0000000080800000, 0x0000000080800000| Untracked 
|   8|0x0000000080800000, 0x0000000080900000, 0x0000000080900000|100%| O|  |TAMS 0x0000000080900000, 0x0000000080900000| Untracked 
|   9|0x0000000080900000, 0x0000000080a00000, 0x0000000080a00000|100%| O|  |TAMS 0x0000000080a00000, 0x0000000080a00000| Untracked 
|  10|0x0000000080a00000, 0x0000000080b00000, 0x0000000080b00000|100%| O|  |TAMS 0x0000000080b00000, 0x0000000080b00000| Untracked 
|  11|0x0000000080b00000, 0x0000000080c00000, 0x0000000080c00000|100%| O|  |TAMS 0x0000000080c00000, 0x0000000080c00000| Untracked 
|  12|0x0000000080c00000, 0x0000000080d00000, 0x0000000080d00000|100%| O|  |TAMS 0x0000000080d00000, 0x0000000080d00000| Untracked 
|  13|0x0000000080d00000, 0x0000000080e00000, 0x0000000080e00000|100%| O|  |TAMS 0x0000000080e00000, 0x0000000080e00000| Untracked 
|  14|0x0000000080e00000, 0x0000000080f00000, 0x0000000080f00000|100%| O|  |TAMS 0x0000000080f00000, 0x0000000080f00000| Untracked 
|  15|0x0000000080f00000, 0x0000000081000000, 0x0000000081000000|100%| O|  |TAMS 0x0000000081000000, 0x0000000081000000| Untracked 
|  16|0x0000000081000000, 0x0000000081100000, 0x0000000081100000|100%| O|  |TAMS 0x0000000081100000, 0x0000000081100000| Untracked 
|  17|0x0000000081100000, 0x0000000081200000, 0x0000000081200000|100%| O|  |TAMS 0x0000000081200000, 0x0000000081200000| Untracked 
|  18|0x0000000081200000, 0x0000000081300000, 0x0000000081300000|100%| O|  |TAMS 0x0000000081300000, 0x0000000081300000| Untracked 
|  19|0x0000000081300000, 0x0000000081400000, 0x0000000081400000|100%| O|  |TAMS 0x0000000081400000, 0x0000000081400000| Untracked 
|  20|0x0000000081400000, 0x0000000081500000, 0x0000000081500000|100%| O|  |TAMS 0x0000000081500000, 0x0000000081500000| Untracked 
|  21|0x0000000081500000, 0x0000000081600000, 0x0000000081600000|100%| O|  |TAMS 0x0000000081600000, 0x0000000081600000| Untracked 
|  22|0x0000000081600000, 0x0000000081700000, 0x0000000081700000|100%| O|  |TAMS 0x0000000081700000, 0x0000000081700000| Untracked 
|  23|0x0000000081700000, 0x0000000081800000, 0x0000000081800000|100%| O|  |TAMS 0x0000000081800000, 0x0000000081800000| Untracked 
|  24|0x0000000081800000, 0x0000000081900000, 0x0000000081900000|100%| O|  |TAMS 0x0000000081900000, 0x0000000081900000| Untracked 
|  25|0x0000000081900000, 0x0000000081a00000, 0x0000000081a00000|100%| O|  |TAMS 0x0000000081a00000, 0x0000000081a00000| Untracked 
|  26|0x0000000081a00000, 0x0000000081b00000, 0x0000000081b00000|100%| O|  |TAMS 0x0000000081b00000, 0x0000000081b00000| Untracked 
|  27|0x0000000081b00000, 0x0000000081c00000, 0x0000000081c00000|100%| O|  |TAMS 0x0000000081c00000, 0x0000000081c00000| Untracked 
|  28|0x0000000081c00000, 0x0000000081d00000, 0x0000000081d00000|100%| O|  |TAMS 0x0000000081d00000, 0x0000000081d00000| Untracked 
|  29|0x0000000081d00000, 0x0000000081e00000, 0x0000000081e00000|100%| O|  |TAMS 0x0000000081e00000, 0x0000000081e00000| Untracked 
|  30|0x0000000081e00000, 0x0000000081f00000, 0x0000000081f00000|100%| O|  |TAMS 0x0000000081f00000, 0x0000000081f00000| Untracked 
|  31|0x0000000081f00000, 0x0000000082000000, 0x0000000082000000|100%|HS|  |TAMS 0x0000000082000000, 0x0000000082000000| Complete 
|  32|0x0000000082000000, 0x0000000082100000, 0x0000000082100000|100%|HS|  |TAMS 0x0000000082100000, 0x0000000082100000| Complete 
|  33|0x0000000082100000, 0x0000000082200000, 0x0000000082200000|100%|HS|  |TAMS 0x0000000082200000, 0x0000000082200000| Complete 
|  34|0x0000000082200000, 0x0000000082300000, 0x0000000082300000|100%|HC|  |TAMS 0x0000000082300000, 0x0000000082300000| Complete 
|  35|0x0000000082300000, 0x0000000082400000, 0x0000000082400000|100%|HS|  |TAMS 0x0000000082400000, 0x0000000082400000| Complete 
|  36|0x0000000082400000, 0x0000000082500000, 0x0000000082500000|100%|HC|  |TAMS 0x0000000082500000, 0x0000000082500000| Complete 
|  37|0x0000000082500000, 0x0000000082600000, 0x0000000082600000|100%|HS|  |TAMS 0x0000000082600000, 0x0000000082600000| Complete 
|  38|0x0000000082600000, 0x0000000082700000, 0x0000000082700000|100%|HS|  |TAMS 0x0000000082700000, 0x0000000082700000| Complete 
|  39|0x0000000082700000, 0x0000000082800000, 0x0000000082800000|100%|HC|  |TAMS 0x0000000082800000, 0x0000000082800000| Complete 
|  40|0x0000000082800000, 0x0000000082900000, 0x0000000082900000|100%|HC|  |TAMS 0x0000000082900000, 0x0000000082900000| Complete 
|  41|0x0000000082900000, 0x0000000082a00000, 0x0000000082a00000|100%|HC|  |TAMS 0x0000000082a00000, 0x0000000082a00000| Complete 
|  42|0x0000000082a00000, 0x0000000082b00000, 0x0000000082b00000|100%| O|  |TAMS 0x0000000082b00000, 0x0000000082b00000| Untracked 
|  43|0x0000000082b00000, 0x0000000082c00000, 0x0000000082c00000|100%|HS|  |TAMS 0x0000000082c00000, 0x0000000082c00000| Complete 
|  44|0x0000000082c00000, 0x0000000082d00000, 0x0000000082d00000|100%|HS|  |TAMS 0x0000000082d00000, 0x0000000082d00000| Complete 
|  45|0x0000000082d00000, 0x0000000082e00000, 0x0000000082e00000|100%| O|  |TAMS 0x0000000082e00000, 0x0000000082e00000| Untracked 
|  46|0x0000000082e00000, 0x0000000082f00000, 0x0000000082f00000|100%| O|  |TAMS 0x0000000082f00000, 0x0000000082f00000| Untracked 
|  47|0x0000000082f00000, 0x0000000083000000, 0x0000000083000000|100%| O|  |TAMS 0x0000000083000000, 0x0000000083000000| Untracked 
|  48|0x0000000083000000, 0x0000000083100000, 0x0000000083100000|100%| O|  |TAMS 0x0000000083100000, 0x0000000083100000| Untracked 
|  49|0x0000000083100000, 0x0000000083200000, 0x0000000083200000|100%| O|  |TAMS 0x0000000083200000, 0x0000000083200000| Untracked 
|  50|0x0000000083200000, 0x0000000083200000, 0x0000000083300000|  0%| F|  |TAMS 0x0000000083200000, 0x0000000083200000| Untracked 
|  51|0x0000000083300000, 0x0000000083300000, 0x0000000083400000|  0%| F|  |TAMS 0x0000000083300000, 0x0000000083300000| Untracked 
|  52|0x0000000083400000, 0x0000000083400000, 0x0000000083500000|  0%| F|  |TAMS 0x0000000083400000, 0x0000000083400000| Untracked 
|  53|0x0000000083500000, 0x0000000083500000, 0x0000000083600000|  0%| F|  |TAMS 0x0000000083500000, 0x0000000083500000| Untracked 
|  54|0x0000000083600000, 0x0000000083600000, 0x0000000083700000|  0%| F|  |TAMS 0x0000000083600000, 0x0000000083600000| Untracked 
|  55|0x0000000083700000, 0x0000000083700000, 0x0000000083800000|  0%| F|  |TAMS 0x0000000083700000, 0x0000000083700000| Untracked 
|  56|0x0000000083800000, 0x0000000083800000, 0x0000000083900000|  0%| F|  |TAMS 0x0000000083800000, 0x0000000083800000| Untracked 
|  57|0x0000000083900000, 0x0000000083900000, 0x0000000083a00000|  0%| F|  |TAMS 0x0000000083900000, 0x0000000083900000| Untracked 
|  58|0x0000000083a00000, 0x0000000083b00000, 0x0000000083b00000|100%| O|  |TAMS 0x0000000083b00000, 0x0000000083b00000| Untracked 
|  59|0x0000000083b00000, 0x0000000083c00000, 0x0000000083c00000|100%| O|  |TAMS 0x0000000083c00000, 0x0000000083c00000| Untracked 
|  60|0x0000000083c00000, 0x0000000083d00000, 0x0000000083d00000|100%| O|  |TAMS 0x0000000083d00000, 0x0000000083d00000| Untracked 
|  61|0x0000000083d00000, 0x0000000083e00000, 0x0000000083e00000|100%| O|  |TAMS 0x0000000083e00000, 0x0000000083e00000| Untracked 
|  62|0x0000000083e00000, 0x0000000083f00000, 0x0000000083f00000|100%| O|  |TAMS 0x0000000083f00000, 0x0000000083f00000| Untracked 
|  63|0x0000000083f00000, 0x0000000084000000, 0x0000000084000000|100%| O|  |TAMS 0x0000000084000000, 0x0000000084000000| Untracked 
|  64|0x0000000084000000, 0x000000008408c200, 0x0000000084100000| 54%| O|  |TAMS 0x000000008408c200, 0x000000008408c200| Untracked 
|  65|0x0000000084100000, 0x0000000084100000, 0x0000000084200000|  0%| F|  |TAMS 0x0000000084100000, 0x0000000084100000| Untracked 
|  66|0x0000000084200000, 0x0000000084200000, 0x0000000084300000|  0%| F|  |TAMS 0x0000000084200000, 0x0000000084200000| Untracked 
|  67|0x0000000084300000, 0x0000000084300000, 0x0000000084400000|  0%| F|  |TAMS 0x0000000084300000, 0x0000000084300000| Untracked 
|  68|0x0000000084400000, 0x0000000084400000, 0x0000000084500000|  0%| F|  |TAMS 0x0000000084400000, 0x0000000084400000| Untracked 
|  69|0x0000000084500000, 0x0000000084500000, 0x0000000084600000|  0%| F|  |TAMS 0x0000000084500000, 0x0000000084500000| Untracked 
|  70|0x0000000084600000, 0x0000000084600000, 0x0000000084700000|  0%| F|  |TAMS 0x0000000084600000, 0x0000000084600000| Untracked 
|  71|0x0000000084700000, 0x0000000084700000, 0x0000000084800000|  0%| F|  |TAMS 0x0000000084700000, 0x0000000084700000| Untracked 
|  72|0x0000000084800000, 0x0000000084800000, 0x0000000084900000|  0%| F|  |TAMS 0x0000000084800000, 0x0000000084800000| Untracked 
|  73|0x0000000084900000, 0x0000000084900000, 0x0000000084a00000|  0%| F|  |TAMS 0x0000000084900000, 0x0000000084900000| Untracked 
|  74|0x0000000084a00000, 0x0000000084a00000, 0x0000000084b00000|  0%| F|  |TAMS 0x0000000084a00000, 0x0000000084a00000| Untracked 
|  75|0x0000000084b00000, 0x0000000084bb43b8, 0x0000000084c00000| 70%| S|CS|TAMS 0x0000000084b00000, 0x0000000084b00000| Complete 
|  76|0x0000000084c00000, 0x0000000084d00000, 0x0000000084d00000|100%| S|CS|TAMS 0x0000000084c00000, 0x0000000084c00000| Complete 
|  77|0x0000000084d00000, 0x0000000084e00000, 0x0000000084e00000|100%| S|CS|TAMS 0x0000000084d00000, 0x0000000084d00000| Complete 
|  78|0x0000000084e00000, 0x0000000084f00000, 0x0000000084f00000|100%| S|CS|TAMS 0x0000000084e00000, 0x0000000084e00000| Complete 
|  79|0x0000000084f00000, 0x0000000084f00000, 0x0000000085000000|  0%| F|  |TAMS 0x0000000084f00000, 0x0000000084f00000| Untracked 
|  80|0x0000000085000000, 0x0000000085000000, 0x0000000085100000|  0%| F|  |TAMS 0x0000000085000000, 0x0000000085000000| Untracked 
|  81|0x0000000085100000, 0x0000000085100000, 0x0000000085200000|  0%| F|  |TAMS 0x0000000085100000, 0x0000000085100000| Untracked 
|  82|0x0000000085200000, 0x0000000085200000, 0x0000000085300000|  0%| F|  |TAMS 0x0000000085200000, 0x0000000085200000| Untracked 
|  83|0x0000000085300000, 0x0000000085300000, 0x0000000085400000|  0%| F|  |TAMS 0x0000000085300000, 0x0000000085300000| Untracked 
|  84|0x0000000085400000, 0x0000000085400000, 0x0000000085500000|  0%| F|  |TAMS 0x0000000085400000, 0x0000000085400000| Untracked 
|  85|0x0000000085500000, 0x0000000085500000, 0x0000000085600000|  0%| F|  |TAMS 0x0000000085500000, 0x0000000085500000| Untracked 
|  86|0x0000000085600000, 0x0000000085600000, 0x0000000085700000|  0%| F|  |TAMS 0x0000000085600000, 0x0000000085600000| Untracked 
|  87|0x0000000085700000, 0x0000000085700000, 0x0000000085800000|  0%| F|  |TAMS 0x0000000085700000, 0x0000000085700000| Untracked 
|  88|0x0000000085800000, 0x0000000085800000, 0x0000000085900000|  0%| F|  |TAMS 0x0000000085800000, 0x0000000085800000| Untracked 
|  89|0x0000000085900000, 0x0000000085900000, 0x0000000085a00000|  0%| F|  |TAMS 0x0000000085900000, 0x0000000085900000| Untracked 
|  90|0x0000000085a00000, 0x0000000085a00000, 0x0000000085b00000|  0%| F|  |TAMS 0x0000000085a00000, 0x0000000085a00000| Untracked 
|  91|0x0000000085b00000, 0x0000000085b00000, 0x0000000085c00000|  0%| F|  |TAMS 0x0000000085b00000, 0x0000000085b00000| Untracked 
|  92|0x0000000085c00000, 0x0000000085c00000, 0x0000000085d00000|  0%| F|  |TAMS 0x0000000085c00000, 0x0000000085c00000| Untracked 
|  93|0x0000000085d00000, 0x0000000085d00000, 0x0000000085e00000|  0%| F|  |TAMS 0x0000000085d00000, 0x0000000085d00000| Untracked 
|  94|0x0000000085e00000, 0x0000000085e00000, 0x0000000085f00000|  0%| F|  |TAMS 0x0000000085e00000, 0x0000000085e00000| Untracked 
|  95|0x0000000085f00000, 0x0000000085f00000, 0x0000000086000000|  0%| F|  |TAMS 0x0000000085f00000, 0x0000000085f00000| Untracked 
|  96|0x0000000086000000, 0x0000000086000000, 0x0000000086100000|  0%| F|  |TAMS 0x0000000086000000, 0x0000000086000000| Untracked 
|  97|0x0000000086100000, 0x0000000086100000, 0x0000000086200000|  0%| F|  |TAMS 0x0000000086100000, 0x0000000086100000| Untracked 
|  98|0x0000000086200000, 0x0000000086200000, 0x0000000086300000|  0%| F|  |TAMS 0x0000000086200000, 0x0000000086200000| Untracked 
|  99|0x0000000086300000, 0x0000000086300000, 0x0000000086400000|  0%| F|  |TAMS 0x0000000086300000, 0x0000000086300000| Untracked 
| 100|0x0000000086400000, 0x0000000086400000, 0x0000000086500000|  0%| F|  |TAMS 0x0000000086400000, 0x0000000086400000| Untracked 
| 101|0x0000000086500000, 0x0000000086500000, 0x0000000086600000|  0%| F|  |TAMS 0x0000000086500000, 0x0000000086500000| Untracked 
| 102|0x0000000086600000, 0x0000000086600000, 0x0000000086700000|  0%| F|  |TAMS 0x0000000086600000, 0x0000000086600000| Untracked 
| 103|0x0000000086700000, 0x0000000086700000, 0x0000000086800000|  0%| F|  |TAMS 0x0000000086700000, 0x0000000086700000| Untracked 
| 104|0x0000000086800000, 0x0000000086800000, 0x0000000086900000|  0%| F|  |TAMS 0x0000000086800000, 0x0000000086800000| Untracked 
| 105|0x0000000086900000, 0x0000000086900000, 0x0000000086a00000|  0%| F|  |TAMS 0x0000000086900000, 0x0000000086900000| Untracked 
| 200|0x000000008c800000, 0x000000008c800000, 0x000000008c900000|  0%| F|  |TAMS 0x000000008c800000, 0x000000008c800000| Untracked 
| 201|0x000000008c900000, 0x000000008c900000, 0x000000008ca00000|  0%| F|  |TAMS 0x000000008c900000, 0x000000008c900000| Untracked 
| 202|0x000000008ca00000, 0x000000008ca00000, 0x000000008cb00000|  0%| F|  |TAMS 0x000000008ca00000, 0x000000008ca00000| Untracked 
| 203|0x000000008cb00000, 0x000000008cb00000, 0x000000008cc00000|  0%| F|  |TAMS 0x000000008cb00000, 0x000000008cb00000| Untracked 
| 204|0x000000008cc00000, 0x000000008cc00000, 0x000000008cd00000|  0%| F|  |TAMS 0x000000008cc00000, 0x000000008cc00000| Untracked 
| 205|0x000000008cd00000, 0x000000008cd00000, 0x000000008ce00000|  0%| F|  |TAMS 0x000000008cd00000, 0x000000008cd00000| Untracked 
| 206|0x000000008ce00000, 0x000000008ce00000, 0x000000008cf00000|  0%| F|  |TAMS 0x000000008ce00000, 0x000000008ce00000| Untracked 
| 207|0x000000008cf00000, 0x000000008cf00000, 0x000000008d000000|  0%| F|  |TAMS 0x000000008cf00000, 0x000000008cf00000| Untracked 
| 255|0x000000008ff00000, 0x000000008ff00000, 0x0000000090000000|  0%| F|  |TAMS 0x000000008ff00000, 0x000000008ff00000| Untracked 
|2047|0x00000000fff00000, 0x0000000100000000, 0x0000000100000000|100%| O|  |TAMS 0x0000000100000000, 0x0000000100000000| Untracked 

Card table byte_map: [0x0000025316f90000,0x0000025317390000] _byte_map_base: 0x0000025316b90000

Marking Bits (Prev, Next): (CMBitMap*) 0x00000253043f3d10, (CMBitMap*) 0x00000253043f3cd0
 Prev Bits: [0x0000025319790000, 0x000002531b790000)
 Next Bits: [0x0000025317790000, 0x0000025319790000)

Polling page: 0x0000025303b50000

Metaspace:

Usage:
  Non-class:     55.17 MB used.
      Class:      8.54 MB used.
       Both:     63.71 MB used.

Virtual space:
  Non-class space:       64.00 MB reserved,      55.44 MB ( 87%) committed,  1 nodes.
      Class space:        1.00 GB reserved,       8.75 MB ( <1%) committed,  1 nodes.
             Both:        1.06 GB reserved,      64.19 MB (  6%) committed. 

Chunk freelists:
   Non-Class:  8.54 MB
       Class:  7.14 MB
        Both:  15.68 MB

MaxMetaspaceSize: unlimited
CompressedClassSpaceSize: 1.00 GB
Initial GC threshold: 21.00 MB
Current GC threshold: 99.06 MB
CDS: off
MetaspaceReclaimPolicy: balanced
 - commit_granule_bytes: 65536.
 - commit_granule_words: 8192.
 - virtual_space_node_default_size: 8388608.
 - enlarge_chunks_in_place: 1.
 - new_chunks_are_fully_committed: 0.
 - uncommit_free_chunks: 1.
 - use_allocation_guard: 0.
 - handle_deallocations: 1.


Internal statistics:

num_allocs_failed_limit: 12.
num_arena_births: 724.
num_arena_deaths: 0.
num_vsnodes_births: 2.
num_vsnodes_deaths: 0.
num_space_committed: 1027.
num_space_uncommitted: 0.
num_chunks_returned_to_freelist: 12.
num_chunks_taken_from_freelist: 2862.
num_chunk_merges: 12.
num_chunk_splits: 1904.
num_chunks_enlarged: 1277.
num_inconsistent_stats: 0.

CodeHeap 'non-profiled nmethods': size=120000Kb used=3275Kb max_used=3523Kb free=116724Kb
 bounds [0x000002530f330000, 0x000002530f6c0000, 0x0000025316860000]
CodeHeap 'profiled nmethods': size=120000Kb used=10520Kb max_used=10706Kb free=109479Kb
 bounds [0x0000025307860000, 0x00000253082e0000, 0x000002530ed90000]
CodeHeap 'non-nmethods': size=5760Kb used=2347Kb max_used=2417Kb free=3412Kb
 bounds [0x000002530ed90000, 0x000002530f010000, 0x000002530f330000]
 total_blobs=6520 nmethods=5648 adapters=784
 compilation: enabled
              stopped_count=0, restarted_count=0
 full_count=0

Compilation events (20 events):
Event: 3.882 Thread 0x000002531e3fdc70 6465       3       java.math.BigInteger::intArrayCmpToLen (55 bytes)
Event: 3.882 Thread 0x000002531e3fdc70 nmethod 6465 0x0000025307d8a710 code [0x0000025307d8a8c0, 0x0000025307d8abb8]
Event: 3.882 Thread 0x000002531e3fdc70 6466       3       java.math.BigInteger::implMontgomeryMultiplyChecks (126 bytes)
Event: 3.882 Thread 0x000002531e3fdc70 nmethod 6466 0x0000025307d88b90 code [0x0000025307d88f00, 0x0000025307d8a0d8]
Event: 3.882 Thread 0x000002531e3fdc70 6467       3       java.math.BigInteger::materialize (16 bytes)
Event: 3.882 Thread 0x000002531e3fdc70 nmethod 6467 0x0000025307d88710 code [0x0000025307d888a0, 0x0000025307d88a98]
Event: 3.882 Thread 0x000002531e3fdc70 6468       3       java.util.Objects::checkFromToIndex (8 bytes)
Event: 3.882 Thread 0x000002531e3fdc70 nmethod 6468 0x0000025307d88210 code [0x0000025307d883c0, 0x0000025307d88608]
Event: 3.882 Thread 0x000002531e3fdc70 6469       3       java.math.BigInteger::montgomerySquare (49 bytes)
Event: 3.883 Thread 0x000002531e3fdc70 nmethod 6469 0x0000025307d87a90 code [0x0000025307d87c80, 0x0000025307d88058]
Event: 3.883 Thread 0x000002531e3fdc70 6470 %     3       java.math.BigInteger::implMultiplyToLen @ 135 (216 bytes)
Event: 3.883 Thread 0x000002531e3fdc70 nmethod 6470% 0x00000253078b0410 code [0x00000253078b0600, 0x00000253078b0cb8]
Event: 3.883 Thread 0x000002531e3fdc70 6471       3       java.math.BigInteger::implMultiplyToLen (216 bytes)
Event: 3.883 Thread 0x000002531e3fdc70 nmethod 6471 0x00000253078af890 code [0x00000253078afa80, 0x00000253078b0058]
Event: 3.886 Thread 0x000002531e3fdc70 6472  s    1       java.io.ByteArrayOutputStream::size (5 bytes)
Event: 3.886 Thread 0x000002531e3fdc70 nmethod 6472 0x000002530f38ac90 code [0x000002530f38ae20, 0x000002530f38af98]
Event: 3.886 Thread 0x000002531e3fdc70 6473       1       sun.security.util.DerOutputStream::buf (5 bytes)
Event: 3.886 Thread 0x000002531e3fdc70 nmethod 6473 0x000002530f38a990 code [0x000002530f38ab20, 0x000002530f38abf8]
Event: 3.886 Thread 0x000002531e3fdc70 6474       3       java.util.jar.Manifest$FastInputStream::readLine (296 bytes)
Event: 3.887 Thread 0x000002531e3fdc70 nmethod 6474 0x00000253078aea10 code [0x00000253078aec40, 0x00000253078af548]

GC Heap History (20 events):
Event: 1.567 GC heap after
{Heap after GC invocations=7 (full 0):
 garbage-first heap   total 68608K, used 21740K [0x0000000080000000, 0x0000000100000000)
  region size 1024K, 2 young (2048K), 2 survivors (2048K)
 Metaspace       used 30196K, committed 30528K, reserved 1114112K
  class space    used 4084K, committed 4224K, reserved 1048576K
}
Event: 1.791 GC heap before
{Heap before GC invocations=7 (full 0):
 garbage-first heap   total 68608K, used 49388K [0x0000000080000000, 0x0000000100000000)
  region size 1024K, 30 young (30720K), 2 survivors (2048K)
 Metaspace       used 34205K, committed 34496K, reserved 1114112K
  class space    used 4709K, committed 4864K, reserved 1048576K
}
Event: 1.793 GC heap after
{Heap after GC invocations=8 (full 0):
 garbage-first heap   total 68608K, used 22949K [0x0000000080000000, 0x0000000100000000)
  region size 1024K, 3 young (3072K), 3 survivors (3072K)
 Metaspace       used 34205K, committed 34496K, reserved 1114112K
  class space    used 4709K, committed 4864K, reserved 1048576K
}
Event: 1.869 GC heap before
{Heap before GC invocations=8 (full 0):
 garbage-first heap   total 68608K, used 31141K [0x0000000080000000, 0x0000000100000000)
  region size 1024K, 12 young (12288K), 3 survivors (3072K)
 Metaspace       used 35624K, committed 35968K, reserved 1114112K
  class space    used 4944K, committed 5120K, reserved 1048576K
}
Event: 1.871 GC heap after
{Heap after GC invocations=9 (full 0):
 garbage-first heap   total 68608K, used 23892K [0x0000000080000000, 0x0000000100000000)
  region size 1024K, 3 young (3072K), 3 survivors (3072K)
 Metaspace       used 35624K, committed 35968K, reserved 1114112K
  class space    used 4944K, committed 5120K, reserved 1048576K
}
Event: 2.092 GC heap before
{Heap before GC invocations=10 (full 0):
 garbage-first heap   total 68608K, used 51540K [0x0000000080000000, 0x0000000100000000)
  region size 1024K, 31 young (31744K), 3 survivors (3072K)
 Metaspace       used 41076K, committed 41408K, reserved 1114112K
  class space    used 5468K, committed 5632K, reserved 1048576K
}
Event: 2.095 GC heap after
{Heap after GC invocations=11 (full 0):
 garbage-first heap   total 117760K, used 27367K [0x0000000080000000, 0x0000000100000000)
  region size 1024K, 4 young (4096K), 4 survivors (4096K)
 Metaspace       used 41076K, committed 41408K, reserved 1114112K
  class space    used 5468K, committed 5632K, reserved 1048576K
}
Event: 2.098 GC heap before
{Heap before GC invocations=11 (full 0):
 garbage-first heap   total 117760K, used 28391K [0x0000000080000000, 0x0000000100000000)
  region size 1024K, 5 young (5120K), 4 survivors (4096K)
 Metaspace       used 41078K, committed 41408K, reserved 1114112K
  class space    used 5468K, committed 5632K, reserved 1048576K
}
Event: 2.100 GC heap after
{Heap after GC invocations=12 (full 0):
 garbage-first heap   total 117760K, used 27789K [0x0000000080000000, 0x0000000100000000)
  region size 1024K, 1 young (1024K), 1 survivors (1024K)
 Metaspace       used 41078K, committed 41408K, reserved 1114112K
  class space    used 5468K, committed 5632K, reserved 1048576K
}
Event: 2.462 GC heap before
{Heap before GC invocations=12 (full 0):
 garbage-first heap   total 117760K, used 93325K [0x0000000080000000, 0x0000000100000000)
  region size 1024K, 59 young (60416K), 1 survivors (1024K)
 Metaspace       used 46794K, committed 47232K, reserved 1114112K
  class space    used 6179K, committed 6400K, reserved 1048576K
}
Event: 2.464 GC heap after
{Heap after GC invocations=13 (full 0):
 garbage-first heap   total 117760K, used 31800K [0x0000000080000000, 0x0000000100000000)
  region size 1024K, 5 young (5120K), 5 survivors (5120K)
 Metaspace       used 46794K, committed 47232K, reserved 1114112K
  class space    used 6179K, committed 6400K, reserved 1048576K
}
Event: 2.929 GC heap before
{Heap before GC invocations=13 (full 0):
 garbage-first heap   total 117760K, used 87096K [0x0000000080000000, 0x0000000100000000)
  region size 1024K, 59 young (60416K), 5 survivors (5120K)
 Metaspace       used 53192K, committed 53696K, reserved 1114112K
  class space    used 7206K, committed 7424K, reserved 1048576K
}
Event: 2.933 GC heap after
{Heap after GC invocations=14 (full 0):
 garbage-first heap   total 117760K, used 34490K [0x0000000080000000, 0x0000000100000000)
  region size 1024K, 3 young (3072K), 3 survivors (3072K)
 Metaspace       used 53192K, committed 53696K, reserved 1114112K
  class space    used 7206K, committed 7424K, reserved 1048576K
}
Event: 3.318 GC heap before
{Heap before GC invocations=14 (full 0):
 garbage-first heap   total 117760K, used 103098K [0x0000000080000000, 0x0000000100000000)
  region size 1024K, 57 young (58368K), 3 survivors (3072K)
 Metaspace       used 55527K, committed 56064K, reserved 1114112K
  class space    used 7466K, committed 7680K, reserved 1048576K
}
Event: 3.322 GC heap after
{Heap after GC invocations=15 (full 0):
 garbage-first heap   total 118784K, used 58955K [0x0000000080000000, 0x0000000100000000)
  region size 1024K, 8 young (8192K), 8 survivors (8192K)
 Metaspace       used 55527K, committed 56064K, reserved 1114112K
  class space    used 7466K, committed 7680K, reserved 1048576K
}
Event: 3.529 GC heap before
{Heap before GC invocations=15 (full 0):
 garbage-first heap   total 118784K, used 91723K [0x0000000080000000, 0x0000000100000000)
  region size 1024K, 40 young (40960K), 8 survivors (8192K)
 Metaspace       used 58635K, committed 59136K, reserved 1114112K
  class space    used 7895K, committed 8128K, reserved 1048576K
}
Event: 3.532 GC heap after
{Heap after GC invocations=16 (full 0):
 garbage-first heap   total 118784K, used 60317K [0x0000000080000000, 0x0000000100000000)
  region size 1024K, 2 young (2048K), 2 survivors (2048K)
 Metaspace       used 58635K, committed 59136K, reserved 1114112K
  class space    used 7895K, committed 8128K, reserved 1048576K
}
Event: 3.583 GC heap before
{Heap before GC invocations=16 (full 0):
 garbage-first heap   total 118784K, used 71581K [0x0000000080000000, 0x0000000100000000)
  region size 1024K, 14 young (14336K), 2 survivors (2048K)
 Metaspace       used 59914K, committed 60416K, reserved 1114112K
  class space    used 8018K, committed 8256K, reserved 1048576K
}
Event: 3.584 GC heap after
{Heap after GC invocations=17 (full 0):
 garbage-first heap   total 118784K, used 60255K [0x0000000080000000, 0x0000000100000000)
  region size 1024K, 2 young (2048K), 2 survivors (2048K)
 Metaspace       used 59914K, committed 60416K, reserved 1114112K
  class space    used 8018K, committed 8256K, reserved 1048576K
}
Event: 3.887 GC heap before
{Heap before GC invocations=18 (full 0):
 garbage-first heap   total 118784K, used 95071K [0x0000000080000000, 0x0000000100000000)
  region size 1024K, 36 young (36864K), 2 survivors (2048K)
 Metaspace       used 65237K, committed 65728K, reserved 1114112K
  class space    used 8748K, committed 8960K, reserved 1048576K
}

Dll operation events (3 events):
Event: 0.004 Loaded shared library C:\Program Files\Android\Android Studio\jbr\bin\java.dll
Event: 0.088 Loaded shared library C:\Program Files\Android\Android Studio\jbr\bin\zip.dll
Event: 0.224 Loaded shared library C:\Program Files\Android\Android Studio\jbr\bin\verify.dll

Deoptimization events (20 events):
Event: 3.866 Thread 0x0000025325330990 Uncommon trap: trap_request=0xffffff45 fr.pc=0x000002530f3fa984 relative=0x0000000000000084
Event: 3.866 Thread 0x0000025325330990 Uncommon trap: reason=unstable_if action=reinterpret pc=0x000002530f3fa984 method=java.lang.CharacterDataLatin1.isWhitespace(I)Z @ 14 c2
Event: 3.866 Thread 0x0000025325330990 DEOPT PACKING pc=0x000002530f3fa984 sp=0x000000b05bff2410
Event: 3.866 Thread 0x0000025325330990 DEOPT UNPACKING pc=0x000002530ede69a3 sp=0x000000b05bff2380 mode 2
Event: 3.870 Thread 0x0000025325330990 Uncommon trap: trap_request=0xffffff45 fr.pc=0x000002530f3edeb0 relative=0x0000000000000390
Event: 3.870 Thread 0x0000025325330990 Uncommon trap: reason=unstable_if action=reinterpret pc=0x000002530f3edeb0 method=java.lang.StringUTF16.compress([CII)[B @ 13 c2
Event: 3.870 Thread 0x0000025325330990 DEOPT PACKING pc=0x000002530f3edeb0 sp=0x000000b05bff0690
Event: 3.870 Thread 0x0000025325330990 DEOPT UNPACKING pc=0x000002530ede69a3 sp=0x000000b05bff0558 mode 2
Event: 3.884 Thread 0x0000025325330990 Uncommon trap: trap_request=0xffffffc6 fr.pc=0x000002530f5a65f4 relative=0x0000000000000874
Event: 3.884 Thread 0x0000025325330990 Uncommon trap: reason=bimorphic_or_optimized_type_check action=maybe_recompile pc=0x000002530f5a65f4 method=java.util.regex.Pattern$Start.match(Ljava/util/regex/Matcher;ILjava/lang/CharSequence;)Z @ 44 c2
Event: 3.884 Thread 0x0000025325330990 DEOPT PACKING pc=0x000002530f5a65f4 sp=0x000000b05bff2670
Event: 3.884 Thread 0x0000025325330990 DEOPT UNPACKING pc=0x000002530ede69a3 sp=0x000000b05bff2550 mode 2
Event: 3.884 Thread 0x0000025325330990 Uncommon trap: trap_request=0xffffffc6 fr.pc=0x000002530f5a65f4 relative=0x0000000000000874
Event: 3.884 Thread 0x0000025325330990 Uncommon trap: reason=bimorphic_or_optimized_type_check action=maybe_recompile pc=0x000002530f5a65f4 method=java.util.regex.Pattern$Start.match(Ljava/util/regex/Matcher;ILjava/lang/CharSequence;)Z @ 44 c2
Event: 3.884 Thread 0x0000025325330990 DEOPT PACKING pc=0x000002530f5a65f4 sp=0x000000b05bff2670
Event: 3.884 Thread 0x0000025325330990 DEOPT UNPACKING pc=0x000002530ede69a3 sp=0x000000b05bff2550 mode 2
Event: 3.886 Thread 0x0000025325330990 Uncommon trap: trap_request=0xffffff45 fr.pc=0x000002530f39d5cc relative=0x000000000000070c
Event: 3.886 Thread 0x0000025325330990 Uncommon trap: reason=unstable_if action=reinterpret pc=0x000002530f39d5cc method=java.util.jar.Manifest$FastInputStream.readLine([BII)I @ 130 c2
Event: 3.886 Thread 0x0000025325330990 DEOPT PACKING pc=0x000002530f39d5cc sp=0x000000b05bff29e0
Event: 3.886 Thread 0x0000025325330990 DEOPT UNPACKING pc=0x000002530ede69a3 sp=0x000000b05bff2970 mode 2

Classes unloaded (0 events):
No events

Classes redefined (0 events):
No events

Internal exceptions (20 events):
Event: 3.177 Thread 0x00000253254ea040 Exception <a 'java/lang/NoSuchMethodError'{0x00000000859ac2b8}: static Lorg/gradle/internal/build/event/types/DefaultProjectConfigurationSuccessResult;.<clinit>()V> (0x00000000859ac2b8) 
thrown [s\src\hotspot\share\prims\jni.cpp, line 1108]
Event: 3.177 Thread 0x00000253254ea040 Exception <a 'java/lang/NoSuchMethodError'{0x00000000859ad5d0}: static Lorg/gradle/internal/build/event/types/AbstractProjectConfigurationResult;.<clinit>()V> (0x00000000859ad5d0) 
thrown [s\src\hotspot\share\prims\jni.cpp, line 1108]
Event: 3.177 Thread 0x00000253254ea040 Exception <a 'java/lang/NoSuchMethodError'{0x00000000859ae880}: static Lorg/gradle/internal/build/event/types/AbstractOperationResult;.<clinit>()V> (0x00000000859ae880) 
thrown [s\src\hotspot\share\prims\jni.cpp, line 1108]
Event: 3.177 Thread 0x00000253254ea040 Exception <a 'java/lang/NoSuchMethodError'{0x00000000859afad8}: static Lorg/gradle/internal/build/event/types/AbstractResult;.<clinit>()V> (0x00000000859afad8) 
thrown [s\src\hotspot\share\prims\jni.cpp, line 1108]
Event: 3.178 Thread 0x00000253254ea040 Exception <a 'java/lang/NoSuchMethodError'{0x00000000859c5238}: static Lorg/gradle/internal/build/event/types/DefaultPluginApplicationResult;.<clinit>()V> (0x00000000859c5238) 
thrown [s\src\hotspot\share\prims\jni.cpp, line 1108]
Event: 3.179 Thread 0x00000253254ea040 Exception <a 'java/lang/NoSuchMethodError'{0x00000000859d0510}: static Lorg/gradle/internal/build/event/types/DefaultBinaryPluginIdentifier;.<clinit>()V> (0x00000000859d0510) 
thrown [s\src\hotspot\share\prims\jni.cpp, line 1108]
Event: 3.180 Thread 0x00000253254ea040 Exception <a 'java/lang/NoSuchMethodError'{0x00000000859e6f50}: static Lorg/gradle/internal/build/event/types/DefaultScriptPluginIdentifier;.<clinit>()V> (0x00000000859e6f50) 
thrown [s\src\hotspot\share\prims\jni.cpp, line 1108]
Event: 3.212 Thread 0x0000025325330990 Implicit null exception at 0x000002530f63a08f to 0x000002530f63a7bc
Event: 3.212 Thread 0x0000025325330990 Implicit null exception at 0x000002530f657414 to 0x000002530f657ad4
Event: 3.263 Thread 0x0000025325330990 Exception <a 'java/lang/ClassNotFoundException'{0x0000000084a10a08}: sun/misc/SharedSecrets> (0x0000000084a10a08) 
thrown [s\src\hotspot\share\classfile\systemDictionary.cpp, line 256]
Event: 3.263 Thread 0x0000025325330990 Exception <a 'java/lang/ClassNotFoundException'{0x0000000084a11fe0}: org/gradle/api/internal/plugins/DefaultObjectConfigurationActionBeanInfo> (0x0000000084a11fe0) 
thrown [s\src\hotspot\share\classfile\systemDictionary.cpp, line 256]
Event: 3.263 Thread 0x0000025325330990 Exception <a 'java/lang/ClassNotFoundException'{0x0000000084a26928}: org/gradle/api/internal/plugins/DefaultObjectConfigurationActionCustomizer> (0x0000000084a26928) 
thrown [s\src\hotspot\share\classfile\systemDictionary.cpp, line 256]
Event: 3.358 Thread 0x0000025325330990 Exception <a 'java/lang/NoSuchMethodError'{0x000000008cbd3980}: 'java.lang.Object java.lang.invoke.DirectMethodHandle$Holder.newInvokeSpecial(java.lang.Object, java.lang.Object, java.lang.Object, java.lang.Object, int)'> (0x000000008cbd3980) 
thrown [s\src\hotspot\share\interpreter\linkResolver.cpp, line 771]
Event: 3.358 Thread 0x0000025325330990 Exception <a 'java/lang/NoSuchMethodError'{0x000000008cbd8dc8}: 'java.lang.Object java.lang.invoke.DirectMethodHandle$Holder.invokeSpecial(java.lang.Object, java.lang.Object, java.lang.Object, java.lang.Object, java.lang.Object, int)'> (0x000000008cbd8dc8) 
thrown [s\src\hotspot\share\interpreter\linkResolver.cpp, line 771]
Event: 3.358 Thread 0x0000025325330990 Exception <a 'java/lang/NoSuchMethodError'{0x000000008cbddb48}: 'java.lang.Object java.lang.invoke.Invokers$Holder.linkToTargetMethod(java.lang.Object, java.lang.Object, java.lang.Object, int, java.lang.Object)'> (0x000000008cbddb48) 
thrown [s\src\hotspot\share\interpreter\linkResolver.cpp, line 771]
Event: 3.475 Thread 0x0000025325330990 Exception <a 'java/lang/NoSuchMethodError'{0x0000000085a6a0a0}: 'int java.lang.invoke.DirectMethodHandle$Holder.invokeInterface(java.lang.Object, java.lang.Object, java.lang.Object, java.lang.Object)'> (0x0000000085a6a0a0) 
thrown [s\src\hotspot\share\interpreter\linkResolver.cpp, line 771]
Event: 3.768 Thread 0x0000025325330990 Exception <a 'java/lang/IncompatibleClassChangeError'{0x0000000085c4d200}: Found class java.lang.Object, but interface was expected> (0x0000000085c4d200) 
thrown [s\src\hotspot\share\interpreter\linkResolver.cpp, line 838]
Event: 3.793 Thread 0x0000025325330990 Implicit null exception at 0x000002530f59e3e0 to 0x000002530f59e5a0
Event: 3.793 Thread 0x0000025325330990 Implicit null exception at 0x000002530f588776 to 0x000002530f588e64
Event: 3.866 Thread 0x0000025325330990 Implicit null exception at 0x000002530f52aa8c to 0x000002530f52abc2

VM Operations (20 events):
Event: 3.322 Executing VM operation: G1CollectForAllocation done
Event: 3.470 Executing VM operation: HandshakeAllThreads
Event: 3.470 Executing VM operation: HandshakeAllThreads done
Event: 3.475 Executing VM operation: HandshakeAllThreads
Event: 3.475 Executing VM operation: HandshakeAllThreads done
Event: 3.529 Executing VM operation: G1CollectForAllocation
Event: 3.532 Executing VM operation: G1CollectForAllocation done
Event: 3.583 Executing VM operation: CollectForMetadataAllocation
Event: 3.585 Executing VM operation: CollectForMetadataAllocation done
Event: 3.597 Executing VM operation: CollectForMetadataAllocation
Event: 3.597 Executing VM operation: CollectForMetadataAllocation done
Event: 3.605 Executing VM operation: G1Concurrent
Event: 3.608 Executing VM operation: G1Concurrent done
Event: 3.618 Executing VM operation: G1Concurrent
Event: 3.618 Executing VM operation: G1Concurrent done
Event: 3.850 Executing VM operation: HandshakeAllThreads
Event: 3.850 Executing VM operation: HandshakeAllThreads done
Event: 3.870 Executing VM operation: HandshakeAllThreads
Event: 3.870 Executing VM operation: HandshakeAllThreads done
Event: 3.887 Executing VM operation: G1CollectForAllocation

Events (20 events):
Event: 3.884 loading class java/security/interfaces/XECKey
Event: 3.884 loading class java/security/interfaces/XECKey done
Event: 3.884 loading class sun/security/util/KeyUtil
Event: 3.884 loading class sun/security/util/KeyUtil done
Event: 3.884 loading class sun/security/util/Length
Event: 3.884 loading class sun/security/util/Length done
Event: 3.884 loading class javax/crypto/SecretKey
Event: 3.884 loading class javax/crypto/SecretKey done
Event: 3.884 loading class java/security/cert/CertPathValidatorException
Event: 3.885 loading class java/security/cert/CertPathValidatorException done
Event: 3.885 loading class java/time/format/DateTimePrintContext
Event: 3.885 loading class java/time/format/DateTimePrintContext done
Event: 3.885 loading class java/time/Instant$1
Event: 3.885 loading class java/time/Instant$1 done
Event: 3.885 loading class java/security/cert/CertPathValidatorException$BasicReason
Event: 3.885 loading class java/security/cert/CertPathValidatorException$Reason
Event: 3.885 loading class java/security/cert/CertPathValidatorException$Reason done
Event: 3.885 loading class java/security/cert/CertPathValidatorException$BasicReason done
Event: 3.885 loading class java/security/SignatureException
Event: 3.885 loading class java/security/SignatureException done


Dynamic libraries:
0x00007ff7b4970000 - 0x00007ff7b497a000 	C:\Program Files\Android\Android Studio\jbr\bin\java.exe
0x00007ff800c80000 - 0x00007ff800e6e000 	C:\Windows\SYSTEM32\ntdll.dll
0x00007ff800b60000 - 0x00007ff800c13000 	C:\Windows\System32\KERNEL32.DLL
0x00007ffffcca0000 - 0x00007ffffcf3d000 	C:\Windows\System32\KERNELBASE.dll
0x00007ffffd770000 - 0x00007ffffd86a000 	C:\Windows\System32\ucrtbase.dll
0x00007ffff5ef0000 - 0x00007ffff5f07000 	C:\Program Files\Android\Android Studio\jbr\bin\jli.dll
0x00007fffeadf0000 - 0x00007fffeae0b000 	C:\Program Files\Android\Android Studio\jbr\bin\VCRUNTIME140.dll
0x00007ff800610000 - 0x00007ff8007a7000 	C:\Windows\System32\USER32.dll
0x00007fffe55a0000 - 0x00007fffe5819000 	C:\Windows\WinSxS\amd64_microsoft.windows.common-controls_6595b64144ccf1df_6.0.17763.6054_none_de72924a534a146d\COMCTL32.dll
0x00007ffffd6b0000 - 0x00007ffffd6d0000 	C:\Windows\System32\win32u.dll
0x00007fffffa90000 - 0x00007fffffb2e000 	C:\Windows\System32\msvcrt.dll
0x00007ffffe150000 - 0x00007ffffe179000 	C:\Windows\System32\GDI32.dll
0x00007fffffcc0000 - 0x00007ffffffea000 	C:\Windows\System32\combase.dll
0x00007ff8007b0000 - 0x00007ff8008c8000 	C:\Windows\System32\RPCRT4.dll
0x00007ffffd980000 - 0x00007ffffdb28000 	C:\Windows\System32\gdi32full.dll
0x00007ffffd6d0000 - 0x00007ffffd770000 	C:\Windows\System32\msvcp_win.dll
0x00007ffffd8f0000 - 0x00007ffffd972000 	C:\Windows\System32\bcryptPrimitives.dll
0x00007ff800ac0000 - 0x00007ff800aee000 	C:\Windows\System32\IMM32.DLL
0x00007ffff2fb0000 - 0x00007ffff2fbc000 	C:\Program Files\Android\Android Studio\jbr\bin\vcruntime140_1.dll
0x00007fffc3970000 - 0x00007fffc39fd000 	C:\Program Files\Android\Android Studio\jbr\bin\msvcp140.dll
0x00007fffa1820000 - 0x00007fffa24a0000 	C:\Program Files\Android\Android Studio\jbr\bin\server\jvm.dll
0x00007ffffde70000 - 0x00007ffffdf18000 	C:\Windows\System32\ADVAPI32.dll
0x00007ffffe260000 - 0x00007ffffe302000 	C:\Windows\System32\sechost.dll
0x00007ffffd870000 - 0x00007ffffd896000 	C:\Windows\System32\bcrypt.dll
0x00007ffff9500000 - 0x00007ffff9524000 	C:\Windows\SYSTEM32\WINMM.dll
0x00007ffff78c0000 - 0x00007ffff78ca000 	C:\Windows\SYSTEM32\VERSION.dll
0x00007fffe8d40000 - 0x00007fffe8d49000 	C:\Windows\SYSTEM32\WSOCK32.dll
0x00007fffffa20000 - 0x00007fffffa8d000 	C:\Windows\System32\WS2_32.dll
0x00007ffff94d0000 - 0x00007ffff94fd000 	C:\Windows\SYSTEM32\winmmbase.dll
0x00007ffffd8a0000 - 0x00007ffffd8ea000 	C:\Windows\System32\cfgmgr32.dll
0x00007ffffcc50000 - 0x00007ffffcc61000 	C:\Windows\System32\kernel.appcore.dll
0x00007ffff9a80000 - 0x00007ffff9a8a000 	C:\Program Files\Android\Android Studio\jbr\bin\jimage.dll
0x00007fffe7e10000 - 0x00007fffe7ffd000 	C:\Windows\SYSTEM32\DBGHELP.DLL
0x00007fffe7860000 - 0x00007fffe788a000 	C:\Windows\SYSTEM32\dbgcore.DLL
0x00007ffff6470000 - 0x00007ffff647e000 	C:\Program Files\Android\Android Studio\jbr\bin\instrument.dll
0x00007ffff8fa0000 - 0x00007ffff8fc5000 	C:\Program Files\Android\Android Studio\jbr\bin\java.dll
0x00007ffff8ab0000 - 0x00007ffff8ac8000 	C:\Program Files\Android\Android Studio\jbr\bin\zip.dll
0x00007ffffe520000 - 0x00007fffffa18000 	C:\Windows\System32\SHELL32.dll
0x00007ff800a10000 - 0x00007ff800ab7000 	C:\Windows\System32\shcore.dll
0x00007ffffcf40000 - 0x00007ffffd688000 	C:\Windows\System32\windows.storage.dll
0x00007ffffcc70000 - 0x00007ffffcc93000 	C:\Windows\System32\profapi.dll
0x00007ffffcbd0000 - 0x00007ffffcc2d000 	C:\Windows\System32\powrprof.dll
0x00007fffffc60000 - 0x00007fffffcb2000 	C:\Windows\System32\shlwapi.dll
0x00007ffffd690000 - 0x00007ffffd6ab000 	C:\Windows\System32\cryptsp.dll
0x00007ffff78e0000 - 0x00007ffff78f9000 	C:\Program Files\Android\Android Studio\jbr\bin\net.dll
0x00007ffff9ca0000 - 0x00007ffff9d9d000 	C:\Windows\SYSTEM32\WINHTTP.dll
0x00007ffffc430000 - 0x00007ffffc497000 	C:\Windows\system32\mswsock.dll
0x00007ffff7790000 - 0x00007ffff77a6000 	C:\Program Files\Android\Android Studio\jbr\bin\nio.dll
0x00007ffff76e0000 - 0x00007ffff76f0000 	C:\Program Files\Android\Android Studio\jbr\bin\verify.dll
0x00007ffff5520000 - 0x00007ffff5547000 	C:\Users\pr111gorohova.OAT\.gradle\native\68d5fa5c4cc2d200863cafc0d521ce42e7d3e7ee720ec0a83991735586a16f82\windows-amd64\native-platform.dll
0x00007fffa3350000 - 0x00007fffa3494000 	C:\Users\pr111gorohova.OAT\.gradle\native\e376f236ea51e6404a007f0833ffe2c6e607c4080706a723a18a27aeea778392\windows-amd64\native-platform-file-events.dll
0x00007ffff65c0000 - 0x00007ffff65c9000 	C:\Program Files\Android\Android Studio\jbr\bin\management.dll
0x00007ffff65b0000 - 0x00007ffff65bb000 	C:\Program Files\Android\Android Studio\jbr\bin\management_ext.dll
0x00007ff8008d0000 - 0x00007ff8008d8000 	C:\Windows\System32\PSAPI.DLL
0x00007ffffbf90000 - 0x00007ffffbfc3000 	C:\Windows\system32\rsaenh.dll
0x00007ffffcae0000 - 0x00007ffffcb09000 	C:\Windows\SYSTEM32\USERENV.dll
0x00007ffffc600000 - 0x00007ffffc60c000 	C:\Windows\SYSTEM32\CRYPTBASE.dll
0x00007ffffc120000 - 0x00007ffffc15d000 	C:\Windows\SYSTEM32\IPHLPAPI.DLL
0x00007ff800af0000 - 0x00007ff800af8000 	C:\Windows\System32\NSI.dll
0x00007ffffa1c0000 - 0x00007ffffa1d6000 	C:\Windows\SYSTEM32\dhcpcsvc6.DLL
0x00007ffffa190000 - 0x00007ffffa1ac000 	C:\Windows\SYSTEM32\dhcpcsvc.DLL
0x00007ffffc160000 - 0x00007ffffc226000 	C:\Windows\SYSTEM32\DNSAPI.dll
0x00007ffff8f90000 - 0x00007ffff8f97000 	C:\Windows\system32\wshunix.dll

dbghelp: loaded successfully - version: 4.0.5 - missing functions: none
symbol engine: initialized successfully - sym options: 0x614 - pdb path: .;C:\Program Files\Android\Android Studio\jbr\bin;C:\Windows\SYSTEM32;C:\Windows\WinSxS\amd64_microsoft.windows.common-controls_6595b64144ccf1df_6.0.17763.6054_none_de72924a534a146d;C:\Program Files\Android\Android Studio\jbr\bin\server;C:\Users\pr111gorohova.OAT\.gradle\native\68d5fa5c4cc2d200863cafc0d521ce42e7d3e7ee720ec0a83991735586a16f82\windows-amd64;C:\Users\pr111gorohova.OAT\.gradle\native\e376f236ea51e6404a007f0833ffe2c6e607c4080706a723a18a27aeea778392\windows-amd64

VM Arguments:
jvm_args: --add-opens=java.base/java.util=ALL-UNNAMED --add-opens=java.base/java.lang=ALL-UNNAMED --add-opens=java.base/java.lang.invoke=ALL-UNNAMED --add-opens=java.prefs/java.util.prefs=ALL-UNNAMED --add-opens=java.base/java.nio.charset=ALL-UNNAMED --add-opens=java.base/java.net=ALL-UNNAMED --add-opens=java.base/java.util.concurrent.atomic=ALL-UNNAMED -Xmx2048m -Dfile.encoding=UTF-8 -Duser.country=RU -Duser.language=ru -Duser.variant -javaagent:C:\Users\pr111gorohova.OAT\.gradle\wrapper\dists\gradle-8.2-bin\bbg7u40eoinfdyxsxr3z4i7ta\gradle-8.2\lib\agents\gradle-instrumentation-agent-8.2.jar 
java_command: org.gradle.launcher.daemon.bootstrap.GradleDaemon 8.2
java_class_path (initial): C:\Users\pr111gorohova.OAT\.gradle\wrapper\dists\gradle-8.2-bin\bbg7u40eoinfdyxsxr3z4i7ta\gradle-8.2\lib\gradle-launcher-8.2.jar
Launcher Type: SUN_STANDARD

[Global flags]
     intx CICompilerCount                          = 4                                         {product} {ergonomic}
     uint ConcGCThreads                            = 2                                         {product} {ergonomic}
     uint G1ConcRefinementThreads                  = 8                                         {product} {ergonomic}
   size_t G1HeapRegionSize                         = 1048576                                   {product} {ergonomic}
    uintx GCDrainStackTargetSize                   = 64                                        {product} {ergonomic}
   size_t InitialHeapSize                          = 268435456                                 {product} {ergonomic}
   size_t MarkStackSize                            = 4194304                                   {product} {ergonomic}
   size_t MaxHeapSize                              = 2147483648                                {product} {command line}
   size_t MaxNewSize                               = 1287651328                                {product} {ergonomic}
   size_t MinHeapDeltaBytes                        = 1048576                                   {product} {ergonomic}
   size_t MinHeapSize                              = 8388608                                   {product} {ergonomic}
    uintx NonNMethodCodeHeapSize                   = 5839372                                {pd product} {ergonomic}
    uintx NonProfiledCodeHeapSize                  = 122909434                              {pd product} {ergonomic}
    uintx ProfiledCodeHeapSize                     = 122909434                              {pd product} {ergonomic}
    uintx ReservedCodeCacheSize                    = 251658240                              {pd product} {ergonomic}
     bool SegmentedCodeCache                       = true                                      {product} {ergonomic}
   size_t SoftMaxHeapSize                          = 2147483648                             {manageable} {ergonomic}
     bool UseCompressedClassPointers               = true                           {product lp64_product} {ergonomic}
     bool UseCompressedOops                        = true                           {product lp64_product} {ergonomic}
     bool UseG1GC                                  = true                                      {product} {ergonomic}
     bool UseLargePagesIndividualAllocation        = false                                  {pd product} {ergonomic}

Logging:
Log output configuration:
 #0: stdout all=warning uptime,level,tags
 #1: stderr all=off uptime,level,tags

Environment Variables:
JAVA_HOME=C:\Program Files\Android\Jdk\microsoft_dist_openjdk_1.8.0.25
PATH=C:\Program Files\Python312\Scripts\;C:\Program Files\Python312\;C:\Program Files\Python311\Scripts\;C:\Program Files\Python311\;C:\Program Files\Common Files\Oracle\Java\javapath;C:\Program Files (x86)\Python38\Scripts\;C:\Program Files (x86)\Python38\;C:\Program Files\Microsoft MPI\Bin\;C:\Windows\system32;C:\Windows;C:\Windows\System32\Wbem;C:\Windows\System32\WindowsPowerShell\v1.0\;C:\Windows\System32\OpenSSH\;C:\Program Files (x86)\Microsoft SQL Server\150\DTS\Binn\;C:\Program Files\dotnet\;C:\Program Files\Microsoft SQL Server\130\Tools\Binn\;C:\Program Files (x86)\Microsoft SQL Server\140\Tools\Binn\;C:\Program Files\Microsoft SQL Server\140\Tools\Binn\;C:\Program Files (x86)\Microsoft SQL Server\140\DTS\Binn\;C:\Program Files\Microsoft SQL Server\140\DTS\Binn\;C:\Program Files\Microsoft SQL Server\Client SDK\ODBC\130\Tools\Binn\;C:\Program Files\Microsoft SQL Server\Client SDK\ODBC\170\Tools\Binn\;C:\Program Files (x86)\IncrediBuild;C:\Program Files (x86)\NVIDIA Corporation\PhysX\Common;C:\Program Files\Git\cmd;C:\Program Files\Azure Data Studio\bin;C:\Program Files\Microsoft VS Code\bin;C:\Program Files (x86)\Kaspersky Lab\KES.12.2.0\;C:\Users\pr111gorohova.OAT\AppData\Local\Microsoft\WindowsApps;
USERNAME=pr111gorohova
OS=Windows_NT
PROCESSOR_IDENTIFIER=Intel64 Family 6 Model 158 Stepping 13, GenuineIntel
TMP=C:\Users\pr111gorohova.OAT\AppData\Local\Temp
TEMP=C:\Users\pr111gorohova.OAT\AppData\Local\Temp


JNI global refs:
JNI global refs: 28, weak refs: 0

JNI global refs memory usage: 843, weak refs: 841

OOME stack traces (most recent first):
Classloader memory used:
Loader org.gradle.internal.classloader.VisitableURLClassLoader                         : 3499K
Loader bootstrap                                                                       : 2778K
Loader org.gradle.initialization.MixInLegacyTypesClassLoader                           : 1095K
Loader org.gradle.internal.classloader.VisitableURLClassLoader$InstrumentingVisitableURLClassLoader: 663K
Loader jdk.internal.loader.ClassLoaders$PlatformClassLoader                            : 67582B
Loader jdk.internal.loader.ClassLoaders$AppClassLoader                                 : 28073B
Loader jdk.internal.reflect.DelegatingClassLoader                                      : 22847B
Loader org.gradle.groovy.scripts.internal.DefaultScriptCompilationHandler$ScriptClassLoader: 1712B
Loader sun.reflect.misc.MethodUtil                                                     : 373B
Loader org.codehaus.groovy.runtime.callsite.CallSiteClassLoader                        : 356B

Classes loaded by more than one classloader:
Class Program                                                                         : loaded 4 times (x 72B)
Class com.google.common.collect.Iterators$MergingIterator                             : loaded 2 times (x 79B)
Class [Lcom.google.common.collect.AbstractMapEntry;                                   : loaded 2 times (x 67B)
Class com.google.common.collect.SingletonImmutableList                                : loaded 2 times (x 167B)
Class com.google.common.cache.CacheLoader$SupplierToCacheLoader                       : loaded 2 times (x 73B)
Class org.gradle.internal.classpath.ClassPath                                         : loaded 2 times (x 68B)
Class com.google.common.cache.RemovalListener                                         : loaded 2 times (x 68B)
Class org.gradle.api.internal.classpath.DefaultModuleRegistry                         : loaded 2 times (x 84B)
Class Settings_gradle$1$1                                                             : loaded 2 times (x 72B)
Class com.google.common.collect.ListMultimap                                          : loaded 2 times (x 68B)
Class com.google.common.base.CharMatcher$JavaDigit                                    : loaded 2 times (x 109B)
Class com.google.common.base.CharMatcher$Digit                                        : loaded 2 times (x 110B)
Class com.google.common.collect.AbstractMultimap                                      : loaded 2 times (x 121B)
Class com.google.common.cache.CacheBuilder$OneWeigher                                 : loaded 2 times (x 80B)
Class org.gradle.api.Action                                                           : loaded 2 times (x 68B)
Class com.google.common.collect.ImmutableEntry                                        : loaded 2 times (x 80B)
Class com.google.common.collect.Lists$StringAsImmutableList                           : loaded 2 times (x 167B)
Class com.google.common.base.CharMatcher                                              : loaded 2 times (x 109B)
Class com.google.common.base.CharMatcher$IsNot                                        : loaded 2 times (x 109B)
Class com.google.common.base.Splitter                                                 : loaded 2 times (x 70B)
Class [Lcom.google.common.cache.Weigher;                                              : loaded 2 times (x 67B)
Class com.google.common.collect.Iterators$ArrayItr                                    : loaded 2 times (x 95B)
Class com.google.common.cache.LocalCache$Segment                                      : loaded 2 times (x 152B)
Class org.gradle.api.internal.DefaultClassPathProvider                                : loaded 2 times (x 74B)
Class org.gradle.internal.installation.GradleInstallation$1                           : loaded 2 times (x 73B)
Class com.google.common.base.CharMatcher$BitSetMatcher                                : loaded 2 times (x 110B)
Class com.google.common.collect.ImmutableMap$IteratorBasedImmutableMap                : loaded 2 times (x 123B)
Class com.google.common.collect.ImmutableMap                                          : loaded 2 times (x 118B)
Class com.google.common.base.Converter                                                : loaded 2 times (x 88B)
Class com.google.common.collect.ImmutableSet$EmptySetBuilderImpl                      : loaded 2 times (x 74B)
Class com.google.common.base.Equivalence                                              : loaded 2 times (x 80B)
Class com.google.common.cache.LocalCache$EntryFactory$1                               : loaded 2 times (x 81B)
Class com.google.common.cache.LocalCache$EntryFactory$2                               : loaded 2 times (x 81B)
Class com.google.common.cache.LocalCache$EntryFactory$3                               : loaded 2 times (x 81B)
Class com.google.common.cache.LocalCache$EntryFactory$4                               : loaded 2 times (x 81B)
Class com.google.common.cache.LocalCache$EntryFactory$5                               : loaded 2 times (x 81B)
Class com.google.common.cache.LocalCache$EntryFactory$6                               : loaded 2 times (x 81B)
Class com.google.common.cache.LocalCache$EntryFactory$7                               : loaded 2 times (x 81B)
Class com.google.common.cache.LocalCache$EntryFactory$8                               : loaded 2 times (x 81B)
Class com.google.common.base.Predicate                                                : loaded 2 times (x 68B)
Class org.gradle.internal.classloader.FilteringClassLoader                            : loaded 2 times (x 102B)
Class com.google.common.collect.RegularImmutableSet                                   : loaded 2 times (x 146B)
Class [Lcom.google.common.cache.LocalCache$Strength;                                  : loaded 2 times (x 67B)
Class org.gradle.internal.classpath.DefaultClassPath$ImmutableUniqueList$Builder      : loaded 2 times (x 73B)
Class com.google.common.collect.Maps$8                                                : loaded 2 times (x 80B)
Class com.google.common.base.PatternCompiler                                          : loaded 2 times (x 68B)
Class [Lcom.google.common.cache.CacheBuilder$NullListener;                            : loaded 2 times (x 67B)
Class com.google.common.base.CharMatcher$InRange                                      : loaded 2 times (x 109B)
Class com.google.common.collect.BiMap                                                 : loaded 2 times (x 68B)
Class com.google.common.collect.Lists                                                 : loaded 2 times (x 69B)
Class com.google.common.math.IntMath$1                                                : loaded 2 times (x 69B)
Class org.gradle.internal.classloader.ClassLoaderVisitor                              : loaded 2 times (x 74B)
Class com.google.common.cache.CacheBuilder$NullListener                               : loaded 2 times (x 80B)
Class com.google.common.math.MathPreconditions                                        : loaded 2 times (x 69B)
Class org.gradle.internal.service.DefaultServiceLocator                               : loaded 2 times (x 81B)
Class org.gradle.internal.service.UnknownServiceException                             : loaded 2 times (x 81B)
Class com.google.common.collect.ArrayListMultimap                                     : loaded 2 times (x 170B)
Class com.google.common.base.Strings                                                  : loaded 2 times (x 69B)
Class com.google.common.cache.CacheLoader$InvalidCacheLoadException                   : loaded 2 times (x 80B)
Class org.gradle.internal.classloader.DefaultClassLoaderFactory                       : loaded 2 times (x 80B)
Class com.google.common.collect.UnmodifiableIterator                                  : loaded 2 times (x 78B)
Class com.google.common.base.Platform$JdkPatternCompiler                              : loaded 2 times (x 73B)
Class com.google.common.cache.LocalCache$LoadingValueReference                        : loaded 2 times (x 94B)
Class com.google.common.base.CharMatcher$SingleWidth                                  : loaded 2 times (x 110B)
Class com.google.common.collect.Hashing                                               : loaded 2 times (x 69B)
Class com.google.common.base.JdkPattern                                               : loaded 2 times (x 73B)
Class com.google.common.collect.Multimap                                              : loaded 2 times (x 68B)
Class com.google.common.base.FunctionalEquivalence                                    : loaded 2 times (x 81B)
Class com.google.common.cache.LocalCache$1                                            : loaded 2 times (x 87B)
Class com.google.common.cache.LocalCache$2                                            : loaded 2 times (x 140B)
Class com.google.common.collect.RegularImmutableBiMap                                 : loaded 2 times (x 146B)
Class org.gradle.internal.classloader.VisitableURLClassLoader$Spec                    : loaded 2 times (x 72B)
Class org.gradle.api.GradleException                                                  : loaded 2 times (x 80B)
Class com.google.common.base.CharMatcher$JavaLetterOrDigit                            : loaded 2 times (x 109B)
Class org.gradle.api.internal.classpath.ModuleRegistry                                : loaded 2 times (x 68B)
Class com.google.common.collect.ForwardingObject                                      : loaded 2 times (x 70B)
Class com.google.common.cache.CacheBuilder                                            : loaded 2 times (x 70B)
Class com.google.common.collect.ImmutableCollection                                   : loaded 2 times (x 123B)
Class com.google.common.base.PairwiseEquivalence                                      : loaded 2 times (x 81B)
Class com.google.common.base.Ticker                                                   : loaded 2 times (x 70B)
Class org.gradle.api.internal.ClassPathProvider                                       : loaded 2 times (x 68B)
Class com.google.common.collect.RegularImmutableMap$Values                            : loaded 2 times (x 167B)
Class org.gradle.internal.classloader.ClasspathUtil$1                                 : loaded 2 times (x 74B)
Class com.google.common.collect.ImmutableEnumMap                                      : loaded 2 times (x 123B)
Class com.google.common.collect.ForwardingMap                                         : loaded 2 times (x 130B)
Class com.google.common.collect.ImmutableList$ReverseImmutableList                    : loaded 2 times (x 168B)
Class com.google.common.cache.AbstractCache$StatsCounter                              : loaded 2 times (x 68B)
Class com.google.common.cache.LocalCache$Strength$1                                   : loaded 2 times (x 79B)
Class com.google.common.cache.LocalCache$Strength$2                                   : loaded 2 times (x 79B)
Class com.google.common.cache.LocalCache$Strength$3                                   : loaded 2 times (x 79B)
Class org.gradle.internal.classloader.ClassLoaderFactory                              : loaded 2 times (x 68B)
Class com.google.common.collect.ObjectArrays                                          : loaded 2 times (x 69B)
Class com.google.common.collect.Iterators$10                                          : loaded 2 times (x 79B)
Class com.google.common.collect.ImmutableList                                         : loaded 2 times (x 166B)
Class org.gradle.api.internal.classpath.ManifestUtil                                  : loaded 2 times (x 69B)
Class org.gradle.api.specs.Spec                                                       : loaded 2 times (x 68B)
Class com.google.common.cache.CacheLoader$UnsupportedLoadingOperationException        : loaded 2 times (x 80B)
Class com.google.common.base.CharMatcher$Whitespace                                   : loaded 2 times (x 110B)
Class com.google.common.collect.Iterators$1                                           : loaded 2 times (x 79B)
Class com.google.common.collect.Iterators$4                                           : loaded 2 times (x 80B)
Class com.google.common.collect.RegularImmutableMap$BucketOverflowException           : loaded 2 times (x 80B)
Class com.google.common.collect.Iterators$5                                           : loaded 2 times (x 80B)
Class com.google.common.base.Equivalence$Equals                                       : loaded 2 times (x 80B)
Class com.google.common.base.Preconditions                                            : loaded 2 times (x 69B)
Class com.google.common.base.Function                                                 : loaded 2 times (x 68B)
Class com.google.common.collect.Iterators$9                                           : loaded 2 times (x 79B)
Class org.gradle.internal.IoActions                                                   : loaded 2 times (x 69B)
Class com.google.common.cache.ReferenceEntry                                          : loaded 2 times (x 68B)
Class com.google.common.collect.RegularImmutableMap$KeySet                            : loaded 2 times (x 148B)
Class com.google.common.collect.CollectPreconditions                                  : loaded 2 times (x 69B)
Class com.google.common.collect.Maps                                                  : loaded 2 times (x 69B)
Class com.google.common.collect.RegularImmutableMap                                   : loaded 2 times (x 119B)
Class com.google.common.collect.AbstractIndexedListIterator                           : loaded 2 times (x 94B)
Class com.google.common.base.CharMatcher$None                                         : loaded 2 times (x 110B)
Class org.gradle.api.internal.classpath.EffectiveClassPath                            : loaded 2 times (x 88B)
Class com.google.common.collect.UnmodifiableListIterator                              : loaded 2 times (x 93B)
Class com.google.common.cache.CacheLoader$FunctionToCacheLoader                       : loaded 2 times (x 73B)
Class com.google.common.cache.CacheBuilder$1                                          : loaded 2 times (x 83B)
Class com.google.common.cache.CacheBuilder$2                                          : loaded 2 times (x 77B)
Class com.google.common.collect.ImmutableList$1                                       : loaded 2 times (x 95B)
Class com.google.common.base.Splitter$Strategy                                        : loaded 2 times (x 68B)
Class com.google.common.cache.CacheBuilder$3                                          : loaded 2 times (x 70B)
Class com.google.common.collect.ImmutableMapEntrySet$RegularEntrySet                  : loaded 2 times (x 149B)
Class [Lcom.google.common.cache.RemovalListener;                                      : loaded 2 times (x 67B)
Class [Lcom.google.common.collect.ImmutableMapEntry;                                  : loaded 2 times (x 67B)
Class org.gradle.internal.installation.CurrentGradleInstallation                      : loaded 2 times (x 71B)
Class org.gradle.internal.agents.InstrumentingClassLoader                             : loaded 2 times (x 68B)
Class org.gradle.internal.installation.CurrentGradleInstallationLocator               : loaded 2 times (x 69B)
Class [Lcom.google.common.cache.LocalCache$Segment;                                   : loaded 2 times (x 67B)
Class org.gradle.api.internal.classpath.Module                                        : loaded 2 times (x 68B)
Class com.google.common.base.Splitter$1$1                                             : loaded 2 times (x 84B)
Class com.google.common.collect.ImmutableSet$JdkBackedSetBuilderImpl                  : loaded 2 times (x 74B)
Class com.google.common.collect.ImmutableSet$RegularSetBuilderImpl                    : loaded 2 times (x 75B)
Class org.gradle.internal.service.CachingServiceLocator                               : loaded 2 times (x 80B)
Class [Lcom.google.common.collect.ImmutableEntry;                                     : loaded 2 times (x 67B)
Class org.gradle.internal.classpath.DefaultClassPath                                  : loaded 2 times (x 88B)
Class com.google.common.base.Splitter$SplittingIterator                               : loaded 2 times (x 82B)
Class com.google.common.cache.LocalCache$LocalManualCache$1                           : loaded 2 times (x 73B)
Class [Lcom.google.common.cache.LocalCache$EntryFactory;                              : loaded 2 times (x 67B)
Class com.google.common.base.CharMatcher$Is                                           : loaded 2 times (x 109B)
Class com.google.common.base.Platform                                                 : loaded 2 times (x 69B)
Class com.google.common.collect.RegularImmutableAsList                                : loaded 2 times (x 176B)
Class com.google.common.collect.PeekingIterator                                       : loaded 2 times (x 68B)
Class com.google.common.collect.ImmutableMapEntrySet                                  : loaded 2 times (x 149B)
Class com.google.common.cache.CacheLoader                                             : loaded 2 times (x 72B)
Class com.google.common.collect.ImmutableBiMapFauxverideShim                          : loaded 2 times (x 118B)
Class com.google.common.cache.Cache                                                   : loaded 2 times (x 68B)
Class org.gradle.internal.classloader.SystemClassLoaderSpec                           : loaded 2 times (x 69B)
Class com.google.common.collect.SingletonImmutableSet                                 : loaded 2 times (x 144B)
Class [Lcom.google.common.base.AbstractIterator$State;                                : loaded 2 times (x 67B)
Class com.google.common.collect.ImmutableMap$Builder                                  : loaded 2 times (x 80B)
Class com.google.common.base.AbstractIterator                                         : loaded 2 times (x 78B)
Class com.google.common.base.AbstractIterator$1                                       : loaded 2 times (x 69B)
Class [Lcom.google.common.cache.CacheBuilder$OneWeigher;                              : loaded 2 times (x 67B)
Class com.google.common.collect.Iterators                                             : loaded 2 times (x 69B)
Class com.google.common.base.CharMatcher$1                                            : loaded 2 times (x 111B)
Class com.google.common.base.CharMatcher$Ascii                                        : loaded 2 times (x 110B)
Class com.google.common.cache.LocalCache$ComputingValueReference                      : loaded 2 times (x 94B)
Class org.gradle.api.UncheckedIOException                                             : loaded 2 times (x 80B)
Class com.google.common.base.CharMatcher$And                                          : loaded 2 times (x 110B)
Class com.google.common.collect.IndexedImmutableSet                                   : loaded 2 times (x 148B)
Class com.google.common.collect.AbstractListMultimap                                  : loaded 2 times (x 170B)
Class com.google.common.base.CharMatcher$Any                                          : loaded 2 times (x 110B)
Class org.gradle.internal.installation.GradleInstallation                             : loaded 2 times (x 73B)
Class com.google.common.cache.LocalCache$Strength                                     : loaded 2 times (x 79B)
Class com.google.common.collect.ArrayListMultimapGwtSerializationDependencies         : loaded 2 times (x 170B)
Class com.google.common.base.CharMatcher$RangesMatcher                                : loaded 2 times (x 110B)
Class com.google.common.collect.ImmutableList$SubList                                 : loaded 2 times (x 168B)
Class com.google.common.cache.LocalCache$ValueReference                               : loaded 2 times (x 68B)
Class org.gradle.internal.classloader.ClasspathUtil                                   : loaded 2 times (x 69B)
Class com.google.common.base.Splitter$1                                               : loaded 2 times (x 75B)
Class com.google.common.base.Ticker$1                                                 : loaded 2 times (x 70B)
Class com.google.common.collect.Maps$BiMapConverter                                   : loaded 2 times (x 88B)
Class org.gradle.api.internal.DefaultClassPathRegistry                                : loaded 2 times (x 74B)
Class com.google.common.collect.ImmutableSet$SetBuilderImpl                           : loaded 2 times (x 74B)
Class org.gradle.api.internal.classpath.DefaultModuleRegistry$DefaultModule           : loaded 2 times (x 84B)
Class com.google.common.base.CharMatcher$JavaIsoControl                               : loaded 2 times (x 110B)
Class com.google.common.collect.ImmutableMap$1                                        : loaded 2 times (x 79B)
Class com.google.common.base.CharMatcher$Or                                           : loaded 2 times (x 110B)
Class com.google.common.base.Suppliers$SupplierOfInstance                             : loaded 2 times (x 77B)
Class com.google.common.collect.Iterables                                             : loaded 2 times (x 69B)
Class com.google.common.base.CharMatcher$JavaLowerCase                                : loaded 2 times (x 109B)
Class org.gradle.api.internal.classpath.UnknownModuleException                        : loaded 2 times (x 80B)
Class com.google.common.collect.Maps$EntryTransformer                                 : loaded 2 times (x 68B)
Class com.google.common.collect.ImmutableCollection$Builder                           : loaded 2 times (x 74B)
Class com.google.common.collect.SingletonImmutableBiMap                               : loaded 2 times (x 141B)
Class com.google.common.base.CommonPattern                                            : loaded 2 times (x 72B)
Class com.google.common.base.Suppliers                                                : loaded 2 times (x 69B)
Class com.google.common.cache.LoadingCache                                            : loaded 2 times (x 68B)
Class org.gradle.internal.service.ServiceLookupException                              : loaded 2 times (x 80B)
Class org.gradle.cache.GlobalCache                                                    : loaded 2 times (x 68B)
Class com.google.common.base.CharMatcher$NegatedFastMatcher                           : loaded 2 times (x 111B)
Class [Lorg.gradle.api.internal.ClassPathProvider;                                    : loaded 2 times (x 67B)
Class org.gradle.util.internal.GUtil                                                  : loaded 2 times (x 69B)
Class com.google.common.math.IntMath                                                  : loaded 2 times (x 69B)
Class com.google.common.collect.AbstractIterator                                      : loaded 2 times (x 80B)
Class org.gradle.internal.classloader.ClassLoaderSpec                                 : loaded 2 times (x 69B)
Class com.google.common.base.NullnessCasts                                            : loaded 2 times (x 69B)
Class com.google.common.cache.LocalCache$LocalManualCache                             : loaded 2 times (x 97B)
Class com.google.common.collect.AbstractMapEntry                                      : loaded 2 times (x 79B)
Class com.google.common.base.CharMatcher$Negated                                      : loaded 2 times (x 111B)
Class com.google.common.cache.CacheLoader$1                                           : loaded 2 times (x 73B)
Class com.google.common.collect.ImmutableSet$Builder                                  : loaded 2 times (x 83B)
Class com.google.common.base.CharMatcher$ForPredicate                                 : loaded 2 times (x 110B)
Class com.google.common.collect.ImmutableMap$MapViewOfValuesAsSingletonSets           : loaded 2 times (x 123B)
Class com.google.common.base.MoreObjects                                              : loaded 2 times (x 69B)
Class com.google.common.collect.SortedMapDifference                                   : loaded 2 times (x 68B)
Class com.google.common.cache.CacheStats                                              : loaded 2 times (x 69B)
Class org.gradle.internal.classloader.VisitableURLClassLoader                         : loaded 2 times (x 114B)
Class com.google.common.cache.LocalCache$LocalLoadingCache                            : loaded 2 times (x 132B)
Class com.google.common.base.Supplier                                                 : loaded 2 times (x 68B)
Class com.google.common.collect.ImmutableBiMap                                        : loaded 2 times (x 141B)
Class org.gradle.internal.Cast                                                        : loaded 2 times (x 69B)
Class org.gradle.api.internal.ClassPathRegistry                                       : loaded 2 times (x 68B)
Class com.google.common.cache.LocalCache$EntryFactory                                 : loaded 2 times (x 81B)
Class com.google.common.util.concurrent.UncheckedExecutionException                   : loaded 2 times (x 80B)
Class com.google.common.collect.ImmutableSet                                          : loaded 2 times (x 143B)
Class org.gradle.internal.classloader.VisitableURLClassLoader$InstrumentingVisitableURLClassLoader: loaded 2 times (x 120B)
Class org.gradle.internal.classloader.ClassLoaderHierarchy                            : loaded 2 times (x 68B)
Class com.google.common.base.AbstractIterator$State                                   : loaded 2 times (x 77B)
Class com.google.common.cache.Weigher                                                 : loaded 2 times (x 68B)
Class com.google.common.base.CharMatcher$NamedFastMatcher                             : loaded 2 times (x 110B)
Class org.gradle.internal.InternalTransformer                                         : loaded 2 times (x 68B)
Class org.gradle.internal.service.ServiceLocator                                      : loaded 2 times (x 68B)
Class Settings_gradle$1                                                               : loaded 2 times (x 72B)
Class com.google.common.collect.ImmutableMapEntry                                     : loaded 2 times (x 83B)
Class com.google.common.base.CharMatcher$Invisible                                    : loaded 2 times (x 110B)
Class com.google.common.base.CharMatcher$FastMatcher                                  : loaded 2 times (x 109B)
Class org.gradle.internal.classpath.DefaultClassPath$ImmutableUniqueList              : loaded 2 times (x 159B)
Class com.google.common.base.CharMatcher$JavaLetter                                   : loaded 2 times (x 109B)
Class org.gradle.internal.classpath.TransformedClassPath                              : loaded 2 times (x 94B)
Class com.google.common.collect.MapDifference                                         : loaded 2 times (x 68B)
Class Settings_gradle                                                                 : loaded 2 times (x 126B)
Class com.google.common.collect.Platform                                              : loaded 2 times (x 69B)
Class com.google.common.collect.ImmutableAsList                                       : loaded 2 times (x 169B)
Class com.google.common.util.concurrent.ExecutionError                                : loaded 2 times (x 80B)
Class com.google.common.base.Equivalence$Identity                                     : loaded 2 times (x 80B)
Class com.google.common.base.CharMatcher$AnyOf                                        : loaded 2 times (x 110B)
Class com.google.common.base.CharMatcher$IsEither                                     : loaded 2 times (x 109B)
Class com.google.common.cache.LocalCache                                              : loaded 2 times (x 185B)
Class com.google.common.collect.RegularImmutableList                                  : loaded 2 times (x 172B)
Class com.google.common.base.CharMatcher$JavaUpperCase                                : loaded 2 times (x 109B)
Class com.google.common.collect.Multiset                                              : loaded 2 times (x 68B)
Class com.google.common.collect.ImmutableSet$CachingAsList                            : loaded 2 times (x 145B)
Class com.google.common.collect.ImmutableMapEntry$NonTerminalImmutableMapEntry        : loaded 2 times (x 83B)
Class com.google.common.collect.AbstractMapBasedMultimap                              : loaded 2 times (x 137B)


---------------  S Y S T E M  ---------------

OS:
 Windows 10 , 64 bit Build 17763 (10.0.17763.4974)
OS uptime: 0 days 8:19 hours

CPU: total 8 (initial active 8) (8 cores per cpu, 1 threads per core) family 6 model 158 stepping 13 microcode 0xde, cx8, cmov, fxsr, mmx, 3dnowpref, sse, sse2, sse3, ssse3, sse4.1, sse4.2, popcnt, lzcnt, tsc, tscinvbit, avx, avx2, aes, erms, clmul, bmi1, bmi2, adx, fma, vzeroupper, clflush, clflushopt

Memory: 4k page, system-wide physical 16303M (2532M free)
TotalPageFile size 16303M (AvailPageFile size 40M)
current process WorkingSet (physical memory assigned to process): 341M, peak: 341M
current process commit charge ("private bytes"): 374M, peak: 469M

vm_info: OpenJDK 64-Bit Server VM (17.0.7+0-b2043.56-10550314) for windows-amd64 JRE (17.0.7+0-b2043.56-10550314), built on Jul 24 2023 18:27:45 by "androidbuild" with MS VC++ 16.10 / 16.11 (VS2019)

END.
